{"/home/sonu/Desktop/bus_ticketing_system/backend/server.js": {"path":"/home/sonu/Desktop/bus_ticketing_system/backend/server.js","statementMap":{"0":{"start":{"line":1,"column":16},"end":{"line":1,"column":34}},"1":{"start":{"line":2,"column":18},"end":{"line":2,"column":40}},"2":{"start":{"line":3,"column":12},"end":{"line":3,"column":21}},"3":{"start":{"line":5,"column":0},"end":{"line":5,"column":43}},"4":{"start":{"line":8,"column":0},"end":{"line":8,"column":11}},"5":{"start":{"line":10,"column":24},"end":{"line":10,"column":53}},"6":{"start":{"line":11,"column":0},"end":{"line":11,"column":38}},"7":{"start":{"line":13,"column":19},"end":{"line":13,"column":44}},"8":{"start":{"line":14,"column":0},"end":{"line":14,"column":33}},"9":{"start":{"line":17,"column":20},"end":{"line":17,"column":46}},"10":{"start":{"line":18,"column":0},"end":{"line":18,"column":34}},"11":{"start":{"line":20,"column":0},"end":{"line":23,"column":2}},"12":{"start":{"line":21,"column":4},"end":{"line":21,"column":47}},"13":{"start":{"line":22,"column":4},"end":{"line":22,"column":10}},"14":{"start":{"line":25,"column":0},"end":{"line":27,"column":2}},"15":{"start":{"line":26,"column":4},"end":{"line":26,"column":43}},"16":{"start":{"line":31,"column":13},"end":{"line":31,"column":17}},"17":{"start":{"line":37,"column":0},"end":{"line":37,"column":21}}},"fnMap":{"0":{"name":"(anonymous_0)","decl":{"start":{"line":20,"column":8},"end":{"line":20,"column":9}},"loc":{"start":{"line":20,"column":24},"end":{"line":23,"column":1}},"line":20},"1":{"name":"(anonymous_1)","decl":{"start":{"line":25,"column":8},"end":{"line":25,"column":9}},"loc":{"start":{"line":25,"column":28},"end":{"line":27,"column":1}},"line":25}},"branchMap":{"0":{"loc":{"start":{"line":26,"column":15},"end":{"line":26,"column":32}},"type":"binary-expr","locations":[{"start":{"line":26,"column":15},"end":{"line":26,"column":25}},{"start":{"line":26,"column":29},"end":{"line":26,"column":32}}],"line":26}},"s":{"0":1,"1":1,"2":1,"3":1,"4":1,"5":1,"6":1,"7":1,"8":1,"9":1,"10":1,"11":1,"12":0,"13":0,"14":1,"15":0,"16":1,"17":1},"f":{"0":0,"1":0},"b":{"0":[0,0]},"_coverageSchema":"1a1c01bbd47fc00a2c39e90264f33305004495a9","hash":"29d831ccf17702872d2462858b98db1ca3e6a901"}
,"/home/sonu/Desktop/bus_ticketing_system/backend/config/db.js": {"path":"/home/sonu/Desktop/bus_ticketing_system/backend/config/db.js","statementMap":{"0":{"start":{"line":1,"column":17},"end":{"line":1,"column":36}},"1":{"start":{"line":2,"column":15},"end":{"line":2,"column":32}},"2":{"start":{"line":3,"column":11},"end":{"line":3,"column":33}},"3":{"start":{"line":5,"column":18},"end":{"line":52,"column":5}},"4":{"start":{"line":6,"column":4},"end":{"line":51,"column":5}},"5":{"start":{"line":7,"column":34},"end":{"line":7,"column":66}},"6":{"start":{"line":8,"column":19},"end":{"line":8,"column":42}},"7":{"start":{"line":10,"column":4},"end":{"line":21,"column":5}},"8":{"start":{"line":11,"column":20},"end":{"line":11,"column":41}},"9":{"start":{"line":12,"column":8},"end":{"line":12,"column":24}},"10":{"start":{"line":13,"column":29},"end":{"line":18,"column":9}},"11":{"start":{"line":19,"column":8},"end":{"line":19,"column":48}},"12":{"start":{"line":20,"column":8},"end":{"line":20,"column":32}},"13":{"start":{"line":23,"column":4},"end":{"line":27,"column":5}},"14":{"start":{"line":24,"column":8},"end":{"line":24,"column":49}},"15":{"start":{"line":25,"column":8},"end":{"line":25,"column":42}},"16":{"start":{"line":26,"column":8},"end":{"line":26,"column":27}},"17":{"start":{"line":29,"column":4},"end":{"line":35,"column":5}},"18":{"start":{"line":30,"column":28},"end":{"line":30,"column":59}},"19":{"start":{"line":31,"column":8},"end":{"line":34,"column":9}},"20":{"start":{"line":32,"column":31},"end":{"line":32,"column":47}},"21":{"start":{"line":33,"column":12},"end":{"line":33,"column":41}},"22":{"start":{"line":37,"column":8},"end":{"line":49,"column":9}},"23":{"start":{"line":38,"column":12},"end":{"line":44,"column":19}},"24":{"start":{"line":45,"column":12},"end":{"line":45,"column":45}},"25":{"start":{"line":47,"column":12},"end":{"line":47,"column":39}},"26":{"start":{"line":48,"column":12},"end":{"line":48,"column":28}},"27":{"start":{"line":55,"column":0},"end":{"line":55,"column":27}}},"fnMap":{"0":{"name":"(anonymous_0)","decl":{"start":{"line":5,"column":18},"end":{"line":5,"column":19}},"loc":{"start":{"line":5,"column":30},"end":{"line":52,"column":5}},"line":5},"1":{"name":"(anonymous_1)","decl":{"start":{"line":10,"column":29},"end":{"line":10,"column":30}},"loc":{"start":{"line":10,"column":41},"end":{"line":21,"column":5}},"line":10},"2":{"name":"(anonymous_2)","decl":{"start":{"line":23,"column":35},"end":{"line":23,"column":36}},"loc":{"start":{"line":23,"column":47},"end":{"line":27,"column":5}},"line":23},"3":{"name":"(anonymous_3)","decl":{"start":{"line":29,"column":35},"end":{"line":29,"column":36}},"loc":{"start":{"line":29,"column":47},"end":{"line":35,"column":5}},"line":29}},"branchMap":{"0":{"loc":{"start":{"line":6,"column":4},"end":{"line":51,"column":5}},"type":"if","locations":[{"start":{"line":6,"column":4},"end":{"line":51,"column":5}},{"start":{"line":6,"column":4},"end":{"line":51,"column":5}}],"line":6}},"s":{"0":1,"1":1,"2":1,"3":1,"4":1,"5":1,"6":1,"7":1,"8":1,"9":1,"10":1,"11":1,"12":1,"13":1,"14":1,"15":1,"16":1,"17":1,"18":1,"19":1,"20":6,"21":6,"22":0,"23":0,"24":0,"25":0,"26":0,"27":1},"f":{"0":1,"1":1,"2":1,"3":1},"b":{"0":[1,0]},"_coverageSchema":"1a1c01bbd47fc00a2c39e90264f33305004495a9","hash":"bd3c24c146c3fcfc9c47fdcb13926a385c4ed67c"}
,"/home/sonu/Desktop/bus_ticketing_system/backend/controllers/Buses.js": {"path":"/home/sonu/Desktop/bus_ticketing_system/backend/controllers/Buses.js","statementMap":{"0":{"start":{"line":1,"column":12},"end":{"line":1,"column":38}},"1":{"start":{"line":2,"column":29},"end":{"line":2,"column":57}},"2":{"start":{"line":3,"column":15},"end":{"line":3,"column":42}},"3":{"start":{"line":4,"column":27},"end":{"line":4,"column":61}},"4":{"start":{"line":5,"column":29},"end":{"line":5,"column":65}},"5":{"start":{"line":6,"column":15},"end":{"line":6,"column":42}},"6":{"start":{"line":9,"column":15},"end":{"line":99,"column":1}},"7":{"start":{"line":10,"column":17},"end":{"line":10,"column":38}},"8":{"start":{"line":11,"column":2},"end":{"line":13,"column":3}},"9":{"start":{"line":12,"column":4},"end":{"line":12,"column":60}},"10":{"start":{"line":29,"column":6},"end":{"line":29,"column":14}},"11":{"start":{"line":31,"column":27},"end":{"line":31,"column":35}},"12":{"start":{"line":33,"column":19},"end":{"line":42,"column":3}},"13":{"start":{"line":44,"column":2},"end":{"line":44,"column":59}},"14":{"start":{"line":44,"column":20},"end":{"line":44,"column":59}},"15":{"start":{"line":45,"column":2},"end":{"line":45,"column":44}},"16":{"start":{"line":45,"column":15},"end":{"line":45,"column":44}},"17":{"start":{"line":47,"column":2},"end":{"line":98,"column":3}},"18":{"start":{"line":48,"column":24},"end":{"line":48,"column":68}},"19":{"start":{"line":49,"column":4},"end":{"line":94,"column":5}},"20":{"start":{"line":50,"column":16},"end":{"line":50,"column":48}},"21":{"start":{"line":52,"column":6},"end":{"line":52,"column":44}},"22":{"start":{"line":53,"column":6},"end":{"line":53,"column":44}},"23":{"start":{"line":55,"column":25},"end":{"line":55,"column":51}},"24":{"start":{"line":56,"column":23},"end":{"line":56,"column":47}},"25":{"start":{"line":57,"column":6},"end":{"line":59,"column":7}},"26":{"start":{"line":58,"column":8},"end":{"line":58,"column":71}},"27":{"start":{"line":61,"column":6},"end":{"line":61,"column":41}},"28":{"start":{"line":62,"column":6},"end":{"line":62,"column":41}},"29":{"start":{"line":63,"column":6},"end":{"line":71,"column":7}},"30":{"start":{"line":64,"column":8},"end":{"line":64,"column":68}},"31":{"start":{"line":66,"column":11},"end":{"line":71,"column":7}},"32":{"start":{"line":67,"column":8},"end":{"line":67,"column":69}},"33":{"start":{"line":69,"column":11},"end":{"line":71,"column":7}},"34":{"start":{"line":70,"column":8},"end":{"line":70,"column":69}},"35":{"start":{"line":72,"column":6},"end":{"line":72,"column":19}},"36":{"start":{"line":73,"column":6},"end":{"line":73,"column":33}},"37":{"start":{"line":74,"column":6},"end":{"line":74,"column":33}},"38":{"start":{"line":75,"column":6},"end":{"line":75,"column":41}},"39":{"start":{"line":76,"column":6},"end":{"line":76,"column":37}},"40":{"start":{"line":78,"column":6},"end":{"line":86,"column":7}},"41":{"start":{"line":80,"column":8},"end":{"line":84,"column":10}},"42":{"start":{"line":85,"column":8},"end":{"line":85,"column":41}},"43":{"start":{"line":88,"column":6},"end":{"line":88,"column":32}},"44":{"start":{"line":89,"column":6},"end":{"line":89,"column":39}},"45":{"start":{"line":90,"column":6},"end":{"line":90,"column":23}},"46":{"start":{"line":91,"column":6},"end":{"line":91,"column":32}},"47":{"start":{"line":93,"column":6},"end":{"line":93,"column":79}},"48":{"start":{"line":96,"column":4},"end":{"line":96,"column":20}},"49":{"start":{"line":97,"column":4},"end":{"line":97,"column":57}},"50":{"start":{"line":102,"column":20},"end":{"line":113,"column":1}},"51":{"start":{"line":103,"column":17},"end":{"line":103,"column":19}},"52":{"start":{"line":104,"column":2},"end":{"line":104,"column":30}},"53":{"start":{"line":105,"column":2},"end":{"line":111,"column":3}},"54":{"start":{"line":105,"column":15},"end":{"line":105,"column":16}},"55":{"start":{"line":106,"column":4},"end":{"line":106,"column":13}},"56":{"start":{"line":107,"column":4},"end":{"line":109,"column":5}},"57":{"start":{"line":107,"column":17},"end":{"line":107,"column":18}},"58":{"start":{"line":108,"column":6},"end":{"line":108,"column":28}},"59":{"start":{"line":110,"column":4},"end":{"line":110,"column":23}},"60":{"start":{"line":112,"column":2},"end":{"line":112,"column":18}},"61":{"start":{"line":115,"column":20},"end":{"line":122,"column":1}},"62":{"start":{"line":116,"column":2},"end":{"line":121,"column":5}},"63":{"start":{"line":117,"column":16},"end":{"line":117,"column":41}},"64":{"start":{"line":118,"column":4},"end":{"line":120,"column":5}},"65":{"start":{"line":119,"column":6},"end":{"line":119,"column":21}},"66":{"start":{"line":125,"column":20},"end":{"line":157,"column":1}},"67":{"start":{"line":126,"column":17},"end":{"line":126,"column":38}},"68":{"start":{"line":127,"column":2},"end":{"line":129,"column":3}},"69":{"start":{"line":128,"column":4},"end":{"line":128,"column":60}},"70":{"start":{"line":131,"column":38},"end":{"line":131,"column":46}},"71":{"start":{"line":133,"column":2},"end":{"line":156,"column":3}},"72":{"start":{"line":134,"column":4},"end":{"line":134,"column":42}},"73":{"start":{"line":135,"column":4},"end":{"line":135,"column":52}},"74":{"start":{"line":136,"column":4},"end":{"line":138,"column":5}},"75":{"start":{"line":137,"column":6},"end":{"line":137,"column":38}},"76":{"start":{"line":140,"column":16},"end":{"line":142,"column":6}},"77":{"start":{"line":143,"column":4},"end":{"line":145,"column":5}},"78":{"start":{"line":144,"column":6},"end":{"line":144,"column":38}},"79":{"start":{"line":146,"column":4},"end":{"line":148,"column":8}},"80":{"start":{"line":146,"column":33},"end":{"line":148,"column":5}},"81":{"start":{"line":147,"column":4},"end":{"line":147,"column":14}},"82":{"start":{"line":149,"column":4},"end":{"line":151,"column":5}},"83":{"start":{"line":150,"column":6},"end":{"line":150,"column":37}},"84":{"start":{"line":152,"column":4},"end":{"line":152,"column":39}},"85":{"start":{"line":154,"column":4},"end":{"line":154,"column":23}},"86":{"start":{"line":155,"column":4},"end":{"line":155,"column":47}},"87":{"start":{"line":160,"column":15},"end":{"line":174,"column":1}},"88":{"start":{"line":161,"column":2},"end":{"line":173,"column":3}},"89":{"start":{"line":162,"column":16},"end":{"line":162,"column":52}},"90":{"start":{"line":164,"column":4},"end":{"line":166,"column":5}},"91":{"start":{"line":165,"column":6},"end":{"line":165,"column":67}},"92":{"start":{"line":167,"column":4},"end":{"line":167,"column":25}},"93":{"start":{"line":169,"column":4},"end":{"line":171,"column":5}},"94":{"start":{"line":170,"column":6},"end":{"line":170,"column":67}},"95":{"start":{"line":172,"column":4},"end":{"line":172,"column":41}},"96":{"start":{"line":177,"column":21},"end":{"line":205,"column":1}},"97":{"start":{"line":178,"column":2},"end":{"line":204,"column":3}},"98":{"start":{"line":179,"column":16},"end":{"line":179,"column":52}},"99":{"start":{"line":181,"column":4},"end":{"line":183,"column":5}},"100":{"start":{"line":182,"column":6},"end":{"line":182,"column":67}},"101":{"start":{"line":184,"column":18},"end":{"line":184,"column":27}},"102":{"start":{"line":186,"column":25},"end":{"line":186,"column":65}},"103":{"start":{"line":187,"column":20},"end":{"line":187,"column":22}},"104":{"start":{"line":189,"column":4},"end":{"line":197,"column":5}},"105":{"start":{"line":189,"column":17},"end":{"line":189,"column":18}},"106":{"start":{"line":190,"column":6},"end":{"line":196,"column":7}},"107":{"start":{"line":190,"column":19},"end":{"line":190,"column":20}},"108":{"start":{"line":191,"column":8},"end":{"line":195,"column":9}},"109":{"start":{"line":192,"column":10},"end":{"line":192,"column":49}},"110":{"start":{"line":194,"column":10},"end":{"line":194,"column":48}},"111":{"start":{"line":198,"column":4},"end":{"line":198,"column":36}},"112":{"start":{"line":200,"column":4},"end":{"line":202,"column":5}},"113":{"start":{"line":201,"column":6},"end":{"line":201,"column":67}},"114":{"start":{"line":203,"column":4},"end":{"line":203,"column":41}},"115":{"start":{"line":206,"column":0},"end":{"line":206,"column":63}}},"fnMap":{"0":{"name":"(anonymous_0)","decl":{"start":{"line":9,"column":15},"end":{"line":9,"column":16}},"loc":{"start":{"line":9,"column":35},"end":{"line":99,"column":1}},"line":9},"1":{"name":"(anonymous_1)","decl":{"start":{"line":102,"column":20},"end":{"line":102,"column":21}},"loc":{"start":{"line":102,"column":31},"end":{"line":113,"column":1}},"line":102},"2":{"name":"(anonymous_2)","decl":{"start":{"line":115,"column":20},"end":{"line":115,"column":21}},"loc":{"start":{"line":115,"column":31},"end":{"line":122,"column":1}},"line":115},"3":{"name":"(anonymous_3)","decl":{"start":{"line":116,"column":21},"end":{"line":116,"column":22}},"loc":{"start":{"line":116,"column":42},"end":{"line":121,"column":3}},"line":116},"4":{"name":"(anonymous_4)","decl":{"start":{"line":125,"column":20},"end":{"line":125,"column":21}},"loc":{"start":{"line":125,"column":40},"end":{"line":157,"column":1}},"line":125},"5":{"name":"(anonymous_5)","decl":{"start":{"line":146,"column":25},"end":{"line":146,"column":26}},"loc":{"start":{"line":146,"column":32},"end":{"line":148,"column":6}},"line":146},"6":{"name":"(anonymous_6)","decl":{"start":{"line":160,"column":15},"end":{"line":160,"column":16}},"loc":{"start":{"line":160,"column":35},"end":{"line":174,"column":1}},"line":160},"7":{"name":"(anonymous_7)","decl":{"start":{"line":177,"column":21},"end":{"line":177,"column":22}},"loc":{"start":{"line":177,"column":41},"end":{"line":205,"column":1}},"line":177}},"branchMap":{"0":{"loc":{"start":{"line":11,"column":2},"end":{"line":13,"column":3}},"type":"if","locations":[{"start":{"line":11,"column":2},"end":{"line":13,"column":3}},{"start":{"line":11,"column":2},"end":{"line":13,"column":3}}],"line":11},"1":{"loc":{"start":{"line":44,"column":2},"end":{"line":44,"column":59}},"type":"if","locations":[{"start":{"line":44,"column":2},"end":{"line":44,"column":59}},{"start":{"line":44,"column":2},"end":{"line":44,"column":59}}],"line":44},"2":{"loc":{"start":{"line":45,"column":2},"end":{"line":45,"column":44}},"type":"if","locations":[{"start":{"line":45,"column":2},"end":{"line":45,"column":44}},{"start":{"line":45,"column":2},"end":{"line":45,"column":44}}],"line":45},"3":{"loc":{"start":{"line":49,"column":4},"end":{"line":94,"column":5}},"type":"if","locations":[{"start":{"line":49,"column":4},"end":{"line":94,"column":5}},{"start":{"line":49,"column":4},"end":{"line":94,"column":5}}],"line":49},"4":{"loc":{"start":{"line":57,"column":6},"end":{"line":59,"column":7}},"type":"if","locations":[{"start":{"line":57,"column":6},"end":{"line":59,"column":7}},{"start":{"line":57,"column":6},"end":{"line":59,"column":7}}],"line":57},"5":{"loc":{"start":{"line":57,"column":10},"end":{"line":57,"column":38}},"type":"binary-expr","locations":[{"start":{"line":57,"column":10},"end":{"line":57,"column":21}},{"start":{"line":57,"column":25},"end":{"line":57,"column":38}}],"line":57},"6":{"loc":{"start":{"line":63,"column":6},"end":{"line":71,"column":7}},"type":"if","locations":[{"start":{"line":63,"column":6},"end":{"line":71,"column":7}},{"start":{"line":63,"column":6},"end":{"line":71,"column":7}}],"line":63},"7":{"loc":{"start":{"line":63,"column":10},"end":{"line":63,"column":28}},"type":"binary-expr","locations":[{"start":{"line":63,"column":10},"end":{"line":63,"column":17}},{"start":{"line":63,"column":21},"end":{"line":63,"column":28}}],"line":63},"8":{"loc":{"start":{"line":66,"column":11},"end":{"line":71,"column":7}},"type":"if","locations":[{"start":{"line":66,"column":11},"end":{"line":71,"column":7}},{"start":{"line":66,"column":11},"end":{"line":71,"column":7}}],"line":66},"9":{"loc":{"start":{"line":69,"column":11},"end":{"line":71,"column":7}},"type":"if","locations":[{"start":{"line":69,"column":11},"end":{"line":71,"column":7}},{"start":{"line":69,"column":11},"end":{"line":71,"column":7}}],"line":69},"10":{"loc":{"start":{"line":78,"column":6},"end":{"line":86,"column":7}},"type":"if","locations":[{"start":{"line":78,"column":6},"end":{"line":86,"column":7}},{"start":{"line":78,"column":6},"end":{"line":86,"column":7}}],"line":78},"11":{"loc":{"start":{"line":118,"column":4},"end":{"line":120,"column":5}},"type":"if","locations":[{"start":{"line":118,"column":4},"end":{"line":120,"column":5}},{"start":{"line":118,"column":4},"end":{"line":120,"column":5}}],"line":118},"12":{"loc":{"start":{"line":127,"column":2},"end":{"line":129,"column":3}},"type":"if","locations":[{"start":{"line":127,"column":2},"end":{"line":129,"column":3}},{"start":{"line":127,"column":2},"end":{"line":129,"column":3}}],"line":127},"13":{"loc":{"start":{"line":136,"column":4},"end":{"line":138,"column":5}},"type":"if","locations":[{"start":{"line":136,"column":4},"end":{"line":138,"column":5}},{"start":{"line":136,"column":4},"end":{"line":138,"column":5}}],"line":136},"14":{"loc":{"start":{"line":136,"column":8},"end":{"line":136,"column":31}},"type":"binary-expr","locations":[{"start":{"line":136,"column":8},"end":{"line":136,"column":20}},{"start":{"line":136,"column":24},"end":{"line":136,"column":31}}],"line":136},"15":{"loc":{"start":{"line":143,"column":4},"end":{"line":145,"column":5}},"type":"if","locations":[{"start":{"line":143,"column":4},"end":{"line":145,"column":5}},{"start":{"line":143,"column":4},"end":{"line":145,"column":5}}],"line":143},"16":{"loc":{"start":{"line":146,"column":33},"end":{"line":148,"column":5}},"type":"if","locations":[{"start":{"line":146,"column":33},"end":{"line":148,"column":5}},{"start":{"line":146,"column":33},"end":{"line":148,"column":5}}],"line":146},"17":{"loc":{"start":{"line":149,"column":4},"end":{"line":151,"column":5}},"type":"if","locations":[{"start":{"line":149,"column":4},"end":{"line":151,"column":5}},{"start":{"line":149,"column":4},"end":{"line":151,"column":5}}],"line":149},"18":{"loc":{"start":{"line":164,"column":4},"end":{"line":166,"column":5}},"type":"if","locations":[{"start":{"line":164,"column":4},"end":{"line":166,"column":5}},{"start":{"line":164,"column":4},"end":{"line":166,"column":5}}],"line":164},"19":{"loc":{"start":{"line":169,"column":4},"end":{"line":171,"column":5}},"type":"if","locations":[{"start":{"line":169,"column":4},"end":{"line":171,"column":5}},{"start":{"line":169,"column":4},"end":{"line":171,"column":5}}],"line":169},"20":{"loc":{"start":{"line":181,"column":4},"end":{"line":183,"column":5}},"type":"if","locations":[{"start":{"line":181,"column":4},"end":{"line":183,"column":5}},{"start":{"line":181,"column":4},"end":{"line":183,"column":5}}],"line":181},"21":{"loc":{"start":{"line":191,"column":8},"end":{"line":195,"column":9}},"type":"if","locations":[{"start":{"line":191,"column":8},"end":{"line":195,"column":9}},{"start":{"line":191,"column":8},"end":{"line":195,"column":9}}],"line":191},"22":{"loc":{"start":{"line":200,"column":4},"end":{"line":202,"column":5}},"type":"if","locations":[{"start":{"line":200,"column":4},"end":{"line":202,"column":5}},{"start":{"line":200,"column":4},"end":{"line":202,"column":5}}],"line":200}},"s":{"0":1,"1":1,"2":1,"3":1,"4":1,"5":1,"6":1,"7":7,"8":7,"9":1,"10":6,"11":6,"12":6,"13":6,"14":0,"15":6,"16":0,"17":6,"18":6,"19":5,"20":4,"21":4,"22":4,"23":4,"24":4,"25":4,"26":0,"27":4,"28":4,"29":4,"30":1,"31":3,"32":1,"33":2,"34":0,"35":2,"36":2,"37":2,"38":2,"39":2,"40":2,"41":1,"42":1,"43":1,"44":1,"45":1,"46":1,"47":1,"48":1,"49":1,"50":1,"51":4,"52":4,"53":4,"54":4,"55":16,"56":16,"57":16,"58":192,"59":16,"60":4,"61":1,"62":8,"63":8,"64":8,"65":8,"66":1,"67":5,"68":5,"69":1,"70":4,"71":4,"72":4,"73":4,"74":4,"75":2,"76":2,"77":2,"78":0,"79":2,"80":2,"81":2,"82":2,"83":0,"84":2,"85":0,"86":0,"87":1,"88":0,"89":0,"90":0,"91":0,"92":0,"93":0,"94":0,"95":0,"96":1,"97":0,"98":0,"99":0,"100":0,"101":0,"102":0,"103":0,"104":0,"105":0,"106":0,"107":0,"108":0,"109":0,"110":0,"111":0,"112":0,"113":0,"114":0,"115":1},"f":{"0":7,"1":4,"2":8,"3":8,"4":5,"5":2,"6":0,"7":0},"b":{"0":[1,6],"1":[0,6],"2":[0,6],"3":[4,1],"4":[0,4],"5":[4,4],"6":[1,3],"7":[4,3],"8":[1,2],"9":[0,2],"10":[1,1],"11":[8,0],"12":[1,4],"13":[2,2],"14":[4,4],"15":[0,2],"16":[2,0],"17":[0,2],"18":[0,0],"19":[0,0],"20":[0,0],"21":[0,0],"22":[0,0]},"_coverageSchema":"1a1c01bbd47fc00a2c39e90264f33305004495a9","hash":"458821dd9fd1a888d197c153c6d42deb62277bca"}
,"/home/sonu/Desktop/bus_ticketing_system/backend/controllers/addLocation.js": {"path":"/home/sonu/Desktop/bus_ticketing_system/backend/controllers/addLocation.js","statementMap":{"0":{"start":{"line":1,"column":29},"end":{"line":1,"column":57}},"1":{"start":{"line":2,"column":17},"end":{"line":2,"column":47}},"2":{"start":{"line":3,"column":25},"end":{"line":3,"column":59}},"3":{"start":{"line":5,"column":20},"end":{"line":28,"column":1}},"4":{"start":{"line":6,"column":19},"end":{"line":6,"column":40}},"5":{"start":{"line":7,"column":4},"end":{"line":9,"column":5}},"6":{"start":{"line":8,"column":8},"end":{"line":8,"column":64}},"7":{"start":{"line":10,"column":28},"end":{"line":10,"column":36}},"8":{"start":{"line":11,"column":4},"end":{"line":27,"column":5}},"9":{"start":{"line":12,"column":23},"end":{"line":12,"column":58}},"10":{"start":{"line":13,"column":8},"end":{"line":17,"column":9}},"11":{"start":{"line":14,"column":12},"end":{"line":16,"column":61}},"12":{"start":{"line":18,"column":8},"end":{"line":21,"column":11}},"13":{"start":{"line":22,"column":8},"end":{"line":22,"column":30}},"14":{"start":{"line":23,"column":8},"end":{"line":23,"column":66}},"15":{"start":{"line":25,"column":8},"end":{"line":25,"column":27}},"16":{"start":{"line":26,"column":8},"end":{"line":26,"column":45}},"17":{"start":{"line":30,"column":0},"end":{"line":30,"column":31}}},"fnMap":{"0":{"name":"(anonymous_0)","decl":{"start":{"line":5,"column":20},"end":{"line":5,"column":21}},"loc":{"start":{"line":5,"column":40},"end":{"line":28,"column":1}},"line":5}},"branchMap":{"0":{"loc":{"start":{"line":7,"column":4},"end":{"line":9,"column":5}},"type":"if","locations":[{"start":{"line":7,"column":4},"end":{"line":9,"column":5}},{"start":{"line":7,"column":4},"end":{"line":9,"column":5}}],"line":7},"1":{"loc":{"start":{"line":13,"column":8},"end":{"line":17,"column":9}},"type":"if","locations":[{"start":{"line":13,"column":8},"end":{"line":17,"column":9}},{"start":{"line":13,"column":8},"end":{"line":17,"column":9}}],"line":13}},"s":{"0":1,"1":1,"2":1,"3":1,"4":3,"5":3,"6":0,"7":3,"8":3,"9":3,"10":3,"11":1,"12":2,"13":2,"14":2,"15":0,"16":0,"17":1},"f":{"0":3},"b":{"0":[0,3],"1":[1,2]},"_coverageSchema":"1a1c01bbd47fc00a2c39e90264f33305004495a9","hash":"94f6c3ab02c82e4a9a32fc7facb69ce7a021fcc0"}
,"/home/sonu/Desktop/bus_ticketing_system/backend/controllers/admins.js": {"path":"/home/sonu/Desktop/bus_ticketing_system/backend/controllers/admins.js","statementMap":{"0":{"start":{"line":1,"column":15},"end":{"line":1,"column":42}},"1":{"start":{"line":2,"column":29},"end":{"line":2,"column":57}},"2":{"start":{"line":6,"column":18},"end":{"line":19,"column":1}},"3":{"start":{"line":7,"column":2},"end":{"line":18,"column":3}},"4":{"start":{"line":8,"column":19},"end":{"line":11,"column":5}},"5":{"start":{"line":12,"column":4},"end":{"line":14,"column":5}},"6":{"start":{"line":13,"column":6},"end":{"line":13,"column":80}},"7":{"start":{"line":15,"column":4},"end":{"line":15,"column":33}},"8":{"start":{"line":17,"column":4},"end":{"line":17,"column":47}},"9":{"start":{"line":24,"column":21},"end":{"line":56,"column":1}},"10":{"start":{"line":25,"column":17},"end":{"line":25,"column":38}},"11":{"start":{"line":26,"column":2},"end":{"line":28,"column":3}},"12":{"start":{"line":27,"column":4},"end":{"line":27,"column":60}},"13":{"start":{"line":29,"column":52},"end":{"line":29,"column":60}},"14":{"start":{"line":33,"column":23},"end":{"line":33,"column":64}},"15":{"start":{"line":34,"column":2},"end":{"line":34,"column":35}},"16":{"start":{"line":36,"column":2},"end":{"line":55,"column":3}},"17":{"start":{"line":37,"column":24},"end":{"line":37,"column":68}},"18":{"start":{"line":38,"column":4},"end":{"line":46,"column":5}},"19":{"start":{"line":40,"column":6},"end":{"line":44,"column":8}},"20":{"start":{"line":45,"column":6},"end":{"line":45,"column":49}},"21":{"start":{"line":50,"column":4},"end":{"line":50,"column":45}},"22":{"start":{"line":51,"column":4},"end":{"line":51,"column":31}},"23":{"start":{"line":52,"column":4},"end":{"line":52,"column":40}},"24":{"start":{"line":54,"column":4},"end":{"line":54,"column":47}},"25":{"start":{"line":59,"column":0},"end":{"line":59,"column":45}}},"fnMap":{"0":{"name":"(anonymous_0)","decl":{"start":{"line":6,"column":18},"end":{"line":6,"column":19}},"loc":{"start":{"line":6,"column":38},"end":{"line":19,"column":1}},"line":6},"1":{"name":"(anonymous_1)","decl":{"start":{"line":24,"column":21},"end":{"line":24,"column":22}},"loc":{"start":{"line":24,"column":41},"end":{"line":56,"column":1}},"line":24}},"branchMap":{"0":{"loc":{"start":{"line":12,"column":4},"end":{"line":14,"column":5}},"type":"if","locations":[{"start":{"line":12,"column":4},"end":{"line":14,"column":5}},{"start":{"line":12,"column":4},"end":{"line":14,"column":5}}],"line":12},"1":{"loc":{"start":{"line":26,"column":2},"end":{"line":28,"column":3}},"type":"if","locations":[{"start":{"line":26,"column":2},"end":{"line":28,"column":3}},{"start":{"line":26,"column":2},"end":{"line":28,"column":3}}],"line":26},"2":{"loc":{"start":{"line":38,"column":4},"end":{"line":46,"column":5}},"type":"if","locations":[{"start":{"line":38,"column":4},"end":{"line":46,"column":5}},{"start":{"line":38,"column":4},"end":{"line":46,"column":5}}],"line":38}},"s":{"0":1,"1":1,"2":1,"3":4,"4":4,"5":3,"6":1,"7":2,"8":1,"9":1,"10":5,"11":5,"12":1,"13":4,"14":4,"15":4,"16":4,"17":4,"18":3,"19":1,"20":1,"21":2,"22":2,"23":2,"24":1,"25":1},"f":{"0":4,"1":5},"b":{"0":[1,2],"1":[1,4],"2":[1,2]},"_coverageSchema":"1a1c01bbd47fc00a2c39e90264f33305004495a9","hash":"2a9431bd89179a8a73082c7a6b136bdb86495889"}
,"/home/sonu/Desktop/bus_ticketing_system/backend/controllers/demo.js": {"path":"/home/sonu/Desktop/bus_ticketing_system/backend/controllers/demo.js","statementMap":{"0":{"start":{"line":3,"column":13},"end":{"line":14,"column":1}},"1":{"start":{"line":5,"column":22},"end":{"line":5,"column":30}},"2":{"start":{"line":7,"column":4},"end":{"line":13,"column":5}},"3":{"start":{"line":8,"column":8},"end":{"line":8,"column":58}},"4":{"start":{"line":11,"column":8},"end":{"line":11,"column":70}},"5":{"start":{"line":16,"column":0},"end":{"line":16,"column":25}}},"fnMap":{"0":{"name":"(anonymous_0)","decl":{"start":{"line":3,"column":13},"end":{"line":3,"column":14}},"loc":{"start":{"line":3,"column":24},"end":{"line":14,"column":1}},"line":3}},"branchMap":{"0":{"loc":{"start":{"line":7,"column":4},"end":{"line":13,"column":5}},"type":"if","locations":[{"start":{"line":7,"column":4},"end":{"line":13,"column":5}},{"start":{"line":7,"column":4},"end":{"line":13,"column":5}}],"line":7}},"s":{"0":1,"1":1,"2":1,"3":1,"4":0,"5":1},"f":{"0":1},"b":{"0":[1,0]},"_coverageSchema":"1a1c01bbd47fc00a2c39e90264f33305004495a9","hash":"61a82a71e7c5b4e9e72e6e632723ef3a663ffe99"}
,"/home/sonu/Desktop/bus_ticketing_system/backend/controllers/login.js": {"path":"/home/sonu/Desktop/bus_ticketing_system/backend/controllers/login.js","statementMap":{"0":{"start":{"line":1,"column":13},"end":{"line":1,"column":39}},"1":{"start":{"line":2,"column":15},"end":{"line":2,"column":32}},"2":{"start":{"line":3,"column":15},"end":{"line":3,"column":34}},"3":{"start":{"line":4,"column":12},"end":{"line":4,"column":35}},"4":{"start":{"line":6,"column":29},"end":{"line":6,"column":57}},"5":{"start":{"line":8,"column":26},"end":{"line":14,"column":1}},"6":{"start":{"line":13,"column":2},"end":{"line":13,"column":50}},"7":{"start":{"line":16,"column":20},"end":{"line":27,"column":1}},"8":{"start":{"line":17,"column":17},"end":{"line":17,"column":38}},"9":{"start":{"line":18,"column":2},"end":{"line":26,"column":3}},"10":{"start":{"line":19,"column":16},"end":{"line":22,"column":5}},"11":{"start":{"line":23,"column":4},"end":{"line":23,"column":15}},"12":{"start":{"line":25,"column":4},"end":{"line":25,"column":17}},"13":{"start":{"line":29,"column":14},"end":{"line":57,"column":1}},"14":{"start":{"line":30,"column":17},"end":{"line":30,"column":33}},"15":{"start":{"line":31,"column":2},"end":{"line":33,"column":3}},"16":{"start":{"line":32,"column":4},"end":{"line":32,"column":60}},"17":{"start":{"line":34,"column":30},"end":{"line":34,"column":38}},"18":{"start":{"line":35,"column":2},"end":{"line":56,"column":3}},"19":{"start":{"line":36,"column":15},"end":{"line":36,"column":44}},"20":{"start":{"line":37,"column":4},"end":{"line":39,"column":5}},"21":{"start":{"line":38,"column":6},"end":{"line":38,"column":80}},"22":{"start":{"line":40,"column":20},"end":{"line":40,"column":65}},"23":{"start":{"line":41,"column":4},"end":{"line":43,"column":5}},"24":{"start":{"line":42,"column":6},"end":{"line":42,"column":80}},"25":{"start":{"line":44,"column":20},"end":{"line":49,"column":5}},"26":{"start":{"line":50,"column":18},"end":{"line":50,"column":44}},"27":{"start":{"line":52,"column":4},"end":{"line":52,"column":43}},"28":{"start":{"line":54,"column":4},"end":{"line":54,"column":23}},"29":{"start":{"line":55,"column":4},"end":{"line":55,"column":50}},"30":{"start":{"line":59,"column":0},"end":{"line":59,"column":27}}},"fnMap":{"0":{"name":"(anonymous_0)","decl":{"start":{"line":8,"column":26},"end":{"line":8,"column":27}},"loc":{"start":{"line":12,"column":2},"end":{"line":14,"column":1}},"line":12},"1":{"name":"(anonymous_1)","decl":{"start":{"line":16,"column":20},"end":{"line":16,"column":21}},"loc":{"start":{"line":16,"column":29},"end":{"line":27,"column":1}},"line":16},"2":{"name":"(anonymous_2)","decl":{"start":{"line":29,"column":14},"end":{"line":29,"column":15}},"loc":{"start":{"line":29,"column":40},"end":{"line":57,"column":1}},"line":29}},"branchMap":{"0":{"loc":{"start":{"line":10,"column":2},"end":{"line":10,"column":34}},"type":"default-arg","locations":[{"start":{"line":10,"column":11},"end":{"line":10,"column":34}}],"line":10},"1":{"loc":{"start":{"line":11,"column":2},"end":{"line":11,"column":19}},"type":"default-arg","locations":[{"start":{"line":11,"column":14},"end":{"line":11,"column":19}}],"line":11},"2":{"loc":{"start":{"line":18,"column":2},"end":{"line":26,"column":3}},"type":"if","locations":[{"start":{"line":18,"column":2},"end":{"line":26,"column":3}},{"start":{"line":18,"column":2},"end":{"line":26,"column":3}}],"line":18},"3":{"loc":{"start":{"line":31,"column":2},"end":{"line":33,"column":3}},"type":"if","locations":[{"start":{"line":31,"column":2},"end":{"line":33,"column":3}},{"start":{"line":31,"column":2},"end":{"line":33,"column":3}}],"line":31},"4":{"loc":{"start":{"line":37,"column":4},"end":{"line":39,"column":5}},"type":"if","locations":[{"start":{"line":37,"column":4},"end":{"line":39,"column":5}},{"start":{"line":37,"column":4},"end":{"line":39,"column":5}}],"line":37},"5":{"loc":{"start":{"line":41,"column":4},"end":{"line":43,"column":5}},"type":"if","locations":[{"start":{"line":41,"column":4},"end":{"line":43,"column":5}},{"start":{"line":41,"column":4},"end":{"line":43,"column":5}}],"line":41}},"s":{"0":1,"1":1,"2":1,"3":1,"4":1,"5":1,"6":2,"7":1,"8":3,"9":3,"10":0,"11":0,"12":3,"13":1,"14":3,"15":3,"16":0,"17":3,"18":3,"19":3,"20":3,"21":1,"22":2,"23":2,"24":0,"25":2,"26":2,"27":2,"28":0,"29":0,"30":1},"f":{"0":2,"1":3,"2":3},"b":{"0":[2],"1":[2],"2":[0,3],"3":[0,3],"4":[1,2],"5":[0,2]},"_coverageSchema":"1a1c01bbd47fc00a2c39e90264f33305004495a9","hash":"5f559e08ba55716c6420e05c44dc958335a1da0e"}
,"/home/sonu/Desktop/bus_ticketing_system/backend/controllers/signup.js": {"path":"/home/sonu/Desktop/bus_ticketing_system/backend/controllers/signup.js","statementMap":{"0":{"start":{"line":1,"column":13},"end":{"line":1,"column":39}},"1":{"start":{"line":2,"column":15},"end":{"line":2,"column":32}},"2":{"start":{"line":3,"column":15},"end":{"line":3,"column":34}},"3":{"start":{"line":4,"column":12},"end":{"line":4,"column":35}},"4":{"start":{"line":6,"column":29},"end":{"line":6,"column":57}},"5":{"start":{"line":9,"column":20},"end":{"line":22,"column":1}},"6":{"start":{"line":10,"column":19},"end":{"line":10,"column":40}},"7":{"start":{"line":11,"column":4},"end":{"line":20,"column":5}},"8":{"start":{"line":12,"column":20},"end":{"line":15,"column":9}},"9":{"start":{"line":16,"column":8},"end":{"line":16,"column":18}},"10":{"start":{"line":19,"column":8},"end":{"line":19,"column":20}},"11":{"start":{"line":24,"column":26},"end":{"line":26,"column":1}},"12":{"start":{"line":25,"column":4},"end":{"line":25,"column":50}},"13":{"start":{"line":28,"column":19},"end":{"line":66,"column":1}},"14":{"start":{"line":29,"column":19},"end":{"line":29,"column":41}},"15":{"start":{"line":30,"column":4},"end":{"line":32,"column":5}},"16":{"start":{"line":31,"column":8},"end":{"line":31,"column":27}},"17":{"start":{"line":34,"column":45},"end":{"line":34,"column":53}},"18":{"start":{"line":35,"column":19},"end":{"line":35,"column":48}},"19":{"start":{"line":36,"column":8},"end":{"line":38,"column":9}},"20":{"start":{"line":37,"column":12},"end":{"line":37,"column":77}},"21":{"start":{"line":40,"column":8},"end":{"line":45,"column":10}},"22":{"start":{"line":49,"column":21},"end":{"line":49,"column":45}},"23":{"start":{"line":51,"column":8},"end":{"line":51,"column":57}},"24":{"start":{"line":53,"column":8},"end":{"line":53,"column":25}},"25":{"start":{"line":55,"column":24},"end":{"line":60,"column":9}},"26":{"start":{"line":62,"column":22},"end":{"line":62,"column":48}},"27":{"start":{"line":65,"column":8},"end":{"line":65,"column":39}},"28":{"start":{"line":67,"column":0},"end":{"line":67,"column":32}}},"fnMap":{"0":{"name":"(anonymous_0)","decl":{"start":{"line":9,"column":20},"end":{"line":9,"column":21}},"loc":{"start":{"line":9,"column":27},"end":{"line":22,"column":1}},"line":9},"1":{"name":"(anonymous_1)","decl":{"start":{"line":24,"column":26},"end":{"line":24,"column":27}},"loc":{"start":{"line":24,"column":97},"end":{"line":26,"column":1}},"line":24},"2":{"name":"(anonymous_2)","decl":{"start":{"line":28,"column":19},"end":{"line":28,"column":20}},"loc":{"start":{"line":28,"column":45},"end":{"line":66,"column":1}},"line":28}},"branchMap":{"0":{"loc":{"start":{"line":11,"column":4},"end":{"line":20,"column":5}},"type":"if","locations":[{"start":{"line":11,"column":4},"end":{"line":20,"column":5}},{"start":{"line":11,"column":4},"end":{"line":20,"column":5}}],"line":11},"1":{"loc":{"start":{"line":24,"column":44},"end":{"line":24,"column":76}},"type":"default-arg","locations":[{"start":{"line":24,"column":53},"end":{"line":24,"column":76}}],"line":24},"2":{"loc":{"start":{"line":24,"column":78},"end":{"line":24,"column":95}},"type":"default-arg","locations":[{"start":{"line":24,"column":90},"end":{"line":24,"column":95}}],"line":24},"3":{"loc":{"start":{"line":30,"column":4},"end":{"line":32,"column":5}},"type":"if","locations":[{"start":{"line":30,"column":4},"end":{"line":32,"column":5}},{"start":{"line":30,"column":4},"end":{"line":32,"column":5}}],"line":30},"4":{"loc":{"start":{"line":36,"column":8},"end":{"line":38,"column":9}},"type":"if","locations":[{"start":{"line":36,"column":8},"end":{"line":38,"column":9}},{"start":{"line":36,"column":8},"end":{"line":38,"column":9}}],"line":36}},"s":{"0":1,"1":1,"2":1,"3":1,"4":1,"5":1,"6":3,"7":3,"8":0,"9":0,"10":3,"11":1,"12":2,"13":1,"14":3,"15":3,"16":0,"17":3,"18":3,"19":3,"20":1,"21":2,"22":2,"23":2,"24":2,"25":2,"26":2,"27":2,"28":1},"f":{"0":3,"1":2,"2":3},"b":{"0":[0,3],"1":[2],"2":[2],"3":[0,3],"4":[1,2]},"_coverageSchema":"1a1c01bbd47fc00a2c39e90264f33305004495a9","hash":"1096ea0be254b02b93d798bb5406df70dda33405"}
,"/home/sonu/Desktop/bus_ticketing_system/backend/controllers/staffs.js": {"path":"/home/sonu/Desktop/bus_ticketing_system/backend/controllers/staffs.js","statementMap":{"0":{"start":{"line":1,"column":29},"end":{"line":1,"column":57}},"1":{"start":{"line":2,"column":15},"end":{"line":2,"column":42}},"2":{"start":{"line":3,"column":15},"end":{"line":3,"column":42}},"3":{"start":{"line":5,"column":17},"end":{"line":33,"column":1}},"4":{"start":{"line":6,"column":17},"end":{"line":6,"column":38}},"5":{"start":{"line":7,"column":2},"end":{"line":9,"column":3}},"6":{"start":{"line":8,"column":4},"end":{"line":8,"column":60}},"7":{"start":{"line":11,"column":45},"end":{"line":11,"column":53}},"8":{"start":{"line":12,"column":20},"end":{"line":12,"column":54}},"9":{"start":{"line":13,"column":2},"end":{"line":13,"column":34}},"10":{"start":{"line":14,"column":2},"end":{"line":32,"column":3}},"11":{"start":{"line":15,"column":24},"end":{"line":15,"column":68}},"12":{"start":{"line":16,"column":4},"end":{"line":29,"column":5}},"13":{"start":{"line":17,"column":18},"end":{"line":17,"column":56}},"14":{"start":{"line":18,"column":6},"end":{"line":20,"column":7}},"15":{"start":{"line":19,"column":8},"end":{"line":19,"column":77}},"16":{"start":{"line":21,"column":6},"end":{"line":23,"column":9}},"17":{"start":{"line":25,"column":6},"end":{"line":25,"column":25}},"18":{"start":{"line":26,"column":6},"end":{"line":26,"column":34}},"19":{"start":{"line":28,"column":6},"end":{"line":28,"column":79}},"20":{"start":{"line":31,"column":4},"end":{"line":31,"column":52}},"21":{"start":{"line":35,"column":0},"end":{"line":35,"column":30}}},"fnMap":{"0":{"name":"(anonymous_0)","decl":{"start":{"line":5,"column":17},"end":{"line":5,"column":18}},"loc":{"start":{"line":5,"column":37},"end":{"line":33,"column":1}},"line":5}},"branchMap":{"0":{"loc":{"start":{"line":7,"column":2},"end":{"line":9,"column":3}},"type":"if","locations":[{"start":{"line":7,"column":2},"end":{"line":9,"column":3}},{"start":{"line":7,"column":2},"end":{"line":9,"column":3}}],"line":7},"1":{"loc":{"start":{"line":16,"column":4},"end":{"line":29,"column":5}},"type":"if","locations":[{"start":{"line":16,"column":4},"end":{"line":29,"column":5}},{"start":{"line":16,"column":4},"end":{"line":29,"column":5}}],"line":16},"2":{"loc":{"start":{"line":18,"column":6},"end":{"line":20,"column":7}},"type":"if","locations":[{"start":{"line":18,"column":6},"end":{"line":20,"column":7}},{"start":{"line":18,"column":6},"end":{"line":20,"column":7}}],"line":18}},"s":{"0":1,"1":1,"2":1,"3":1,"4":6,"5":6,"6":1,"7":5,"8":5,"9":5,"10":5,"11":5,"12":4,"13":3,"14":3,"15":1,"16":2,"17":2,"18":2,"19":1,"20":1,"21":1},"f":{"0":6},"b":{"0":[1,5],"1":[3,1],"2":[1,2]},"_coverageSchema":"1a1c01bbd47fc00a2c39e90264f33305004495a9","hash":"c025685f028619a967e675cf2b373189f0f5413a"}
,"/home/sonu/Desktop/bus_ticketing_system/backend/controllers/tickets.js": {"path":"/home/sonu/Desktop/bus_ticketing_system/backend/controllers/tickets.js","statementMap":{"0":{"start":{"line":1,"column":12},"end":{"line":1,"column":38}},"1":{"start":{"line":2,"column":16},"end":{"line":2,"column":44}},"2":{"start":{"line":3,"column":29},"end":{"line":3,"column":57}},"3":{"start":{"line":4,"column":29},"end":{"line":4,"column":65}},"4":{"start":{"line":6,"column":20},"end":{"line":54,"column":1}},"5":{"start":{"line":7,"column":17},"end":{"line":7,"column":38}},"6":{"start":{"line":8,"column":2},"end":{"line":10,"column":3}},"7":{"start":{"line":9,"column":4},"end":{"line":9,"column":60}},"8":{"start":{"line":12,"column":66},"end":{"line":12,"column":74}},"9":{"start":{"line":14,"column":23},"end":{"line":20,"column":3}},"10":{"start":{"line":22,"column":2},"end":{"line":53,"column":3}},"11":{"start":{"line":23,"column":16},"end":{"line":23,"column":52}},"12":{"start":{"line":25,"column":4},"end":{"line":27,"column":5}},"13":{"start":{"line":26,"column":6},"end":{"line":26,"column":73}},"14":{"start":{"line":28,"column":16},"end":{"line":28,"column":25}},"15":{"start":{"line":30,"column":27},"end":{"line":30,"column":67}},"16":{"start":{"line":31,"column":4},"end":{"line":33,"column":5}},"17":{"start":{"line":32,"column":6},"end":{"line":32,"column":73}},"18":{"start":{"line":36,"column":4},"end":{"line":38,"column":7}},"19":{"start":{"line":37,"column":6},"end":{"line":37,"column":49}},"20":{"start":{"line":39,"column":4},"end":{"line":41,"column":5}},"21":{"start":{"line":40,"column":6},"end":{"line":40,"column":71}},"22":{"start":{"line":43,"column":4},"end":{"line":43,"column":38}},"23":{"start":{"line":44,"column":4},"end":{"line":44,"column":33}},"24":{"start":{"line":45,"column":4},"end":{"line":45,"column":30}},"25":{"start":{"line":46,"column":27},"end":{"line":46,"column":52}},"26":{"start":{"line":48,"column":4},"end":{"line":48,"column":32}},"27":{"start":{"line":50,"column":4},"end":{"line":50,"column":48}},"28":{"start":{"line":52,"column":4},"end":{"line":52,"column":57}},"29":{"start":{"line":56,"column":21},"end":{"line":69,"column":1}},"30":{"start":{"line":57,"column":13},"end":{"line":57,"column":17}},"31":{"start":{"line":58,"column":2},"end":{"line":67,"column":3}},"32":{"start":{"line":58,"column":15},"end":{"line":58,"column":16}},"33":{"start":{"line":59,"column":4},"end":{"line":66,"column":5}},"34":{"start":{"line":59,"column":17},"end":{"line":59,"column":18}},"35":{"start":{"line":60,"column":6},"end":{"line":65,"column":7}},"36":{"start":{"line":61,"column":8},"end":{"line":61,"column":21}},"37":{"start":{"line":62,"column":8},"end":{"line":62,"column":14}},"38":{"start":{"line":64,"column":8},"end":{"line":64,"column":20}},"39":{"start":{"line":68,"column":2},"end":{"line":68,"column":14}},"40":{"start":{"line":71,"column":0},"end":{"line":71,"column":33}}},"fnMap":{"0":{"name":"(anonymous_0)","decl":{"start":{"line":6,"column":20},"end":{"line":6,"column":21}},"loc":{"start":{"line":6,"column":40},"end":{"line":54,"column":1}},"line":6},"1":{"name":"(anonymous_1)","decl":{"start":{"line":36,"column":31},"end":{"line":36,"column":32}},"loc":{"start":{"line":36,"column":47},"end":{"line":38,"column":5}},"line":36},"2":{"name":"(anonymous_2)","decl":{"start":{"line":56,"column":21},"end":{"line":56,"column":22}},"loc":{"start":{"line":56,"column":48},"end":{"line":69,"column":1}},"line":56}},"branchMap":{"0":{"loc":{"start":{"line":8,"column":2},"end":{"line":10,"column":3}},"type":"if","locations":[{"start":{"line":8,"column":2},"end":{"line":10,"column":3}},{"start":{"line":8,"column":2},"end":{"line":10,"column":3}}],"line":8},"1":{"loc":{"start":{"line":25,"column":4},"end":{"line":27,"column":5}},"type":"if","locations":[{"start":{"line":25,"column":4},"end":{"line":27,"column":5}},{"start":{"line":25,"column":4},"end":{"line":27,"column":5}}],"line":25},"2":{"loc":{"start":{"line":31,"column":4},"end":{"line":33,"column":5}},"type":"if","locations":[{"start":{"line":31,"column":4},"end":{"line":33,"column":5}},{"start":{"line":31,"column":4},"end":{"line":33,"column":5}}],"line":31},"3":{"loc":{"start":{"line":39,"column":4},"end":{"line":41,"column":5}},"type":"if","locations":[{"start":{"line":39,"column":4},"end":{"line":41,"column":5}},{"start":{"line":39,"column":4},"end":{"line":41,"column":5}}],"line":39},"4":{"loc":{"start":{"line":60,"column":6},"end":{"line":65,"column":7}},"type":"if","locations":[{"start":{"line":60,"column":6},"end":{"line":65,"column":7}},{"start":{"line":60,"column":6},"end":{"line":65,"column":7}}],"line":60}},"s":{"0":1,"1":1,"2":1,"3":1,"4":1,"5":0,"6":0,"7":0,"8":0,"9":0,"10":0,"11":0,"12":0,"13":0,"14":0,"15":0,"16":0,"17":0,"18":0,"19":0,"20":0,"21":0,"22":0,"23":0,"24":0,"25":0,"26":0,"27":0,"28":0,"29":1,"30":0,"31":0,"32":0,"33":0,"34":0,"35":0,"36":0,"37":0,"38":0,"39":0,"40":1},"f":{"0":0,"1":0,"2":0},"b":{"0":[0,0],"1":[0,0],"2":[0,0],"3":[0,0],"4":[0,0]},"_coverageSchema":"1a1c01bbd47fc00a2c39e90264f33305004495a9","hash":"8877dfb31eb02be5e610533e8bfbe595c7852be0"}
,"/home/sonu/Desktop/bus_ticketing_system/backend/middlewares/auth.js": {"path":"/home/sonu/Desktop/bus_ticketing_system/backend/middlewares/auth.js","statementMap":{"0":{"start":{"line":1,"column":12},"end":{"line":1,"column":35}},"1":{"start":{"line":2,"column":15},"end":{"line":2,"column":32}},"2":{"start":{"line":5,"column":0},"end":{"line":19,"column":1}},"3":{"start":{"line":7,"column":18},"end":{"line":7,"column":44}},"4":{"start":{"line":8,"column":4},"end":{"line":10,"column":5}},"5":{"start":{"line":9,"column":8},"end":{"line":9,"column":79}},"6":{"start":{"line":12,"column":4},"end":{"line":18,"column":5}},"7":{"start":{"line":13,"column":24},"end":{"line":13,"column":66}},"8":{"start":{"line":14,"column":8},"end":{"line":14,"column":32}},"9":{"start":{"line":15,"column":8},"end":{"line":15,"column":15}},"10":{"start":{"line":17,"column":8},"end":{"line":17,"column":58}}},"fnMap":{"0":{"name":"(anonymous_0)","decl":{"start":{"line":5,"column":17},"end":{"line":5,"column":18}},"loc":{"start":{"line":5,"column":43},"end":{"line":19,"column":1}},"line":5}},"branchMap":{"0":{"loc":{"start":{"line":8,"column":4},"end":{"line":10,"column":5}},"type":"if","locations":[{"start":{"line":8,"column":4},"end":{"line":10,"column":5}},{"start":{"line":8,"column":4},"end":{"line":10,"column":5}}],"line":8}},"s":{"0":2,"1":2,"2":2,"3":9,"4":9,"5":1,"6":8,"7":8,"8":7,"9":7,"10":1},"f":{"0":9},"b":{"0":[1,8]},"_coverageSchema":"1a1c01bbd47fc00a2c39e90264f33305004495a9","hash":"fe4b9437e5cf8174acdd0c31a9f538d94fe977bf"}
,"/home/sonu/Desktop/bus_ticketing_system/backend/middlewares/isAdmin.js": {"path":"/home/sonu/Desktop/bus_ticketing_system/backend/middlewares/isAdmin.js","statementMap":{"0":{"start":{"line":2,"column":0},"end":{"line":10,"column":1}},"1":{"start":{"line":4,"column":20},"end":{"line":4,"column":36}},"2":{"start":{"line":5,"column":4},"end":{"line":8,"column":5}},"3":{"start":{"line":6,"column":20},"end":{"line":6,"column":69}},"4":{"start":{"line":7,"column":8},"end":{"line":7,"column":24}},"5":{"start":{"line":9,"column":4},"end":{"line":9,"column":10}}},"fnMap":{"0":{"name":"(anonymous_0)","decl":{"start":{"line":2,"column":17},"end":{"line":2,"column":18}},"loc":{"start":{"line":2,"column":35},"end":{"line":10,"column":1}},"line":2}},"branchMap":{"0":{"loc":{"start":{"line":5,"column":4},"end":{"line":8,"column":5}},"type":"if","locations":[{"start":{"line":5,"column":4},"end":{"line":8,"column":5}},{"start":{"line":5,"column":4},"end":{"line":8,"column":5}}],"line":5}},"s":{"0":2,"1":7,"2":7,"3":1,"4":1,"5":6},"f":{"0":7},"b":{"0":[1,6]},"_coverageSchema":"1a1c01bbd47fc00a2c39e90264f33305004495a9","hash":"1277bea6565970fab9831c71aa50fd11bffba99a"}
,"/home/sonu/Desktop/bus_ticketing_system/backend/models/Agency.js": {"path":"/home/sonu/Desktop/bus_ticketing_system/backend/models/Agency.js","statementMap":{"0":{"start":{"line":1,"column":15},"end":{"line":1,"column":34}},"1":{"start":{"line":3,"column":20},"end":{"line":24,"column":5}},"2":{"start":{"line":25,"column":13},"end":{"line":25,"column":52}},"3":{"start":{"line":26,"column":0},"end":{"line":26,"column":21}}},"fnMap":{},"branchMap":{},"s":{"0":1,"1":1,"2":1,"3":1},"f":{},"b":{},"_coverageSchema":"1a1c01bbd47fc00a2c39e90264f33305004495a9","hash":"891ea8ffb439edb63d3d985dcc68a7e48ffe861d"}
,"/home/sonu/Desktop/bus_ticketing_system/backend/models/Buses.js": {"path":"/home/sonu/Desktop/bus_ticketing_system/backend/models/Buses.js","statementMap":{"0":{"start":{"line":1,"column":15},"end":{"line":1,"column":34}},"1":{"start":{"line":3,"column":18},"end":{"line":75,"column":5}},"2":{"start":{"line":76,"column":12},"end":{"line":76,"column":46}},"3":{"start":{"line":77,"column":0},"end":{"line":77,"column":20}}},"fnMap":{},"branchMap":{},"s":{"0":1,"1":1,"2":1,"3":1},"f":{},"b":{},"_coverageSchema":"1a1c01bbd47fc00a2c39e90264f33305004495a9","hash":"d6ad12c550d9301b2924d3c6de272746e16a050b"}
,"/home/sonu/Desktop/bus_ticketing_system/backend/models/Locations.js": {"path":"/home/sonu/Desktop/bus_ticketing_system/backend/models/Locations.js","statementMap":{"0":{"start":{"line":1,"column":17},"end":{"line":1,"column":36}},"1":{"start":{"line":3,"column":23},"end":{"line":16,"column":4}},"2":{"start":{"line":19,"column":17},"end":{"line":19,"column":59}},"3":{"start":{"line":20,"column":0},"end":{"line":20,"column":26}}},"fnMap":{},"branchMap":{},"s":{"0":1,"1":1,"2":1,"3":1},"f":{},"b":{},"_coverageSchema":"1a1c01bbd47fc00a2c39e90264f33305004495a9","hash":"466896c7b023ed090c471c6af96147090cf8b696"}
,"/home/sonu/Desktop/bus_ticketing_system/backend/models/Staffs.js": {"path":"/home/sonu/Desktop/bus_ticketing_system/backend/models/Staffs.js","statementMap":{"0":{"start":{"line":1,"column":17},"end":{"line":1,"column":36}},"1":{"start":{"line":3,"column":20},"end":{"line":28,"column":5}},"2":{"start":{"line":30,"column":14},"end":{"line":30,"column":51}},"3":{"start":{"line":31,"column":0},"end":{"line":31,"column":23}}},"fnMap":{},"branchMap":{},"s":{"0":1,"1":1,"2":1,"3":1},"f":{},"b":{},"_coverageSchema":"1a1c01bbd47fc00a2c39e90264f33305004495a9","hash":"a39aafe6d7d336c789ed1c12acd8ec829bb3eedc"}
,"/home/sonu/Desktop/bus_ticketing_system/backend/models/Tickets.js": {"path":"/home/sonu/Desktop/bus_ticketing_system/backend/models/Tickets.js","statementMap":{"0":{"start":{"line":1,"column":17},"end":{"line":1,"column":36}},"1":{"start":{"line":2,"column":21},"end":{"line":43,"column":6}},"2":{"start":{"line":45,"column":16},"end":{"line":45,"column":55}},"3":{"start":{"line":46,"column":0},"end":{"line":46,"column":24}}},"fnMap":{},"branchMap":{},"s":{"0":1,"1":1,"2":1,"3":1},"f":{},"b":{},"_coverageSchema":"1a1c01bbd47fc00a2c39e90264f33305004495a9","hash":"6017126e266364f1bc5a0e82fc10c6cebbd25275"}
,"/home/sonu/Desktop/bus_ticketing_system/backend/models/Users.js": {"path":"/home/sonu/Desktop/bus_ticketing_system/backend/models/Users.js","statementMap":{"0":{"start":{"line":1,"column":17},"end":{"line":1,"column":36}},"1":{"start":{"line":2,"column":19},"end":{"line":25,"column":5}},"2":{"start":{"line":27,"column":13},"end":{"line":27,"column":48}},"3":{"start":{"line":29,"column":0},"end":{"line":29,"column":22}}},"fnMap":{},"branchMap":{},"s":{"0":1,"1":1,"2":1,"3":1},"f":{},"b":{},"_coverageSchema":"1a1c01bbd47fc00a2c39e90264f33305004495a9","hash":"3e0a5733d9cb921939f70557fdd33d643c4b6d4c"}
,"/home/sonu/Desktop/bus_ticketing_system/backend/routes/admins.js": {"path":"/home/sonu/Desktop/bus_ticketing_system/backend/routes/admins.js","statementMap":{"0":{"start":{"line":1,"column":16},"end":{"line":1,"column":34}},"1":{"start":{"line":2,"column":15},"end":{"line":2,"column":31}},"2":{"start":{"line":3,"column":13},"end":{"line":3,"column":43}},"3":{"start":{"line":4,"column":16},"end":{"line":4,"column":49}},"4":{"start":{"line":5,"column":36},"end":{"line":5,"column":68}},"5":{"start":{"line":6,"column":16},"end":{"line":6,"column":47}},"6":{"start":{"line":7,"column":21},"end":{"line":7,"column":53}},"7":{"start":{"line":8,"column":22},"end":{"line":8,"column":59}},"8":{"start":{"line":9,"column":14},"end":{"line":9,"column":41}},"9":{"start":{"line":10,"column":36},"end":{"line":10,"column":64}},"10":{"start":{"line":15,"column":0},"end":{"line":15,"column":54}},"11":{"start":{"line":21,"column":0},"end":{"line":31,"column":17}},"12":{"start":{"line":36,"column":0},"end":{"line":42,"column":2}},"13":{"start":{"line":49,"column":0},"end":{"line":84,"column":10}},"14":{"start":{"line":89,"column":0},"end":{"line":101,"column":12}},"15":{"start":{"line":104,"column":0},"end":{"line":104,"column":24}}},"fnMap":{},"branchMap":{},"s":{"0":1,"1":1,"2":1,"3":1,"4":1,"5":1,"6":1,"7":1,"8":1,"9":1,"10":1,"11":1,"12":1,"13":1,"14":1,"15":1},"f":{},"b":{},"_coverageSchema":"1a1c01bbd47fc00a2c39e90264f33305004495a9","hash":"7d3044b3af3cbd424c354ce44b65f8b7bfdde773"}
,"/home/sonu/Desktop/bus_ticketing_system/backend/routes/busSearch.js": {"path":"/home/sonu/Desktop/bus_ticketing_system/backend/routes/busSearch.js","statementMap":{"0":{"start":{"line":1,"column":16},"end":{"line":1,"column":34}},"1":{"start":{"line":2,"column":15},"end":{"line":2,"column":31}},"2":{"start":{"line":3,"column":13},"end":{"line":3,"column":43}},"3":{"start":{"line":4,"column":45},"end":{"line":4,"column":76}},"4":{"start":{"line":5,"column":24},"end":{"line":5,"column":57}},"5":{"start":{"line":6,"column":18},"end":{"line":6,"column":46}},"6":{"start":{"line":12,"column":0},"end":{"line":19,"column":2}},"7":{"start":{"line":25,"column":0},"end":{"line":27,"column":2}},"8":{"start":{"line":32,"column":0},"end":{"line":32,"column":41}},"9":{"start":{"line":38,"column":0},"end":{"line":47,"column":2}},"10":{"start":{"line":54,"column":0},"end":{"line":54,"column":24}}},"fnMap":{},"branchMap":{},"s":{"0":1,"1":1,"2":1,"3":1,"4":1,"5":1,"6":1,"7":1,"8":1,"9":1,"10":1},"f":{},"b":{},"_coverageSchema":"1a1c01bbd47fc00a2c39e90264f33305004495a9","hash":"74539ba5f4447c1f1da1a689d4c8e343cbba74c7"}
,"/home/sonu/Desktop/bus_ticketing_system/backend/routes/users.js": {"path":"/home/sonu/Desktop/bus_ticketing_system/backend/routes/users.js","statementMap":{"0":{"start":{"line":2,"column":16},"end":{"line":2,"column":34}},"1":{"start":{"line":3,"column":15},"end":{"line":3,"column":31}},"2":{"start":{"line":4,"column":36},"end":{"line":4,"column":64}},"3":{"start":{"line":5,"column":23},"end":{"line":5,"column":55}},"4":{"start":{"line":6,"column":18},"end":{"line":6,"column":49}},"5":{"start":{"line":7,"column":13},"end":{"line":7,"column":43}},"6":{"start":{"line":12,"column":0},"end":{"line":16,"column":14}},"7":{"start":{"line":21,"column":0},"end":{"line":24,"column":8}},"8":{"start":{"line":33,"column":0},"end":{"line":33,"column":24}}},"fnMap":{},"branchMap":{},"s":{"0":1,"1":1,"2":1,"3":1,"4":1,"5":1,"6":1,"7":1,"8":1},"f":{},"b":{},"_coverageSchema":"1a1c01bbd47fc00a2c39e90264f33305004495a9","hash":"47e01ff3ae2891951dbd91ed4aba790278216000"}
,"/home/sonu/Desktop/bus_ticketing_system/backend/tests/addStaff.js": {"path":"/home/sonu/Desktop/bus_ticketing_system/backend/tests/addStaff.js","statementMap":{"0":{"start":{"line":1,"column":16},"end":{"line":1,"column":36}},"1":{"start":{"line":2,"column":12},"end":{"line":2,"column":32}},"2":{"start":{"line":3,"column":21},"end":{"line":3,"column":53}},"3":{"start":{"line":6,"column":21},"end":{"line":11,"column":1}},"4":{"start":{"line":7,"column":16},"end":{"line":7,"column":18}},"5":{"start":{"line":8,"column":4},"end":{"line":8,"column":48}},"6":{"start":{"line":9,"column":4},"end":{"line":9,"column":46}},"7":{"start":{"line":10,"column":4},"end":{"line":10,"column":14}},"8":{"start":{"line":13,"column":22},"end":{"line":99,"column":2}},"9":{"start":{"line":13,"column":28},"end":{"line":99,"column":2}},"10":{"start":{"line":15,"column":4},"end":{"line":26,"column":7}},"11":{"start":{"line":16,"column":20},"end":{"line":24,"column":234}},"12":{"start":{"line":25,"column":8},"end":{"line":25,"column":37}},"13":{"start":{"line":29,"column":4},"end":{"line":44,"column":7}},"14":{"start":{"line":30,"column":18},"end":{"line":38,"column":9}},"15":{"start":{"line":39,"column":20},"end":{"line":39,"column":34}},"16":{"start":{"line":40,"column":8},"end":{"line":40,"column":31}},"17":{"start":{"line":42,"column":8},"end":{"line":42,"column":52}},"18":{"start":{"line":43,"column":8},"end":{"line":43,"column":43}},"19":{"start":{"line":46,"column":4},"end":{"line":61,"column":7}},"20":{"start":{"line":47,"column":18},"end":{"line":55,"column":9}},"21":{"start":{"line":56,"column":20},"end":{"line":56,"column":34}},"22":{"start":{"line":57,"column":8},"end":{"line":57,"column":31}},"23":{"start":{"line":59,"column":8},"end":{"line":59,"column":52}},"24":{"start":{"line":60,"column":8},"end":{"line":60,"column":43}},"25":{"start":{"line":63,"column":4},"end":{"line":75,"column":7}},"26":{"start":{"line":64,"column":18},"end":{"line":69,"column":9}},"27":{"start":{"line":70,"column":20},"end":{"line":70,"column":34}},"28":{"start":{"line":71,"column":8},"end":{"line":71,"column":31}},"29":{"start":{"line":73,"column":8},"end":{"line":73,"column":52}},"30":{"start":{"line":74,"column":8},"end":{"line":74,"column":43}},"31":{"start":{"line":78,"column":4},"end":{"line":86,"column":7}},"32":{"start":{"line":79,"column":20},"end":{"line":79,"column":34}},"33":{"start":{"line":80,"column":18},"end":{"line":80,"column":80}},"34":{"start":{"line":82,"column":8},"end":{"line":82,"column":31}},"35":{"start":{"line":84,"column":8},"end":{"line":84,"column":53}},"36":{"start":{"line":85,"column":8},"end":{"line":85,"column":45}},"37":{"start":{"line":88,"column":4},"end":{"line":98,"column":7}},"38":{"start":{"line":89,"column":20},"end":{"line":89,"column":34}},"39":{"start":{"line":90,"column":18},"end":{"line":92,"column":21}},"40":{"start":{"line":94,"column":8},"end":{"line":94,"column":31}},"41":{"start":{"line":96,"column":8},"end":{"line":96,"column":53}},"42":{"start":{"line":97,"column":8},"end":{"line":97,"column":44}},"43":{"start":{"line":101,"column":0},"end":{"line":101,"column":34}}},"fnMap":{"0":{"name":"(anonymous_0)","decl":{"start":{"line":6,"column":21},"end":{"line":6,"column":22}},"loc":{"start":{"line":6,"column":27},"end":{"line":11,"column":1}},"line":6},"1":{"name":"(anonymous_1)","decl":{"start":{"line":13,"column":22},"end":{"line":13,"column":23}},"loc":{"start":{"line":13,"column":28},"end":{"line":99,"column":2}},"line":13},"2":{"name":"(anonymous_2)","decl":{"start":{"line":13,"column":79},"end":{"line":13,"column":80}},"loc":{"start":{"line":13,"column":83},"end":{"line":99,"column":1}},"line":13},"3":{"name":"(anonymous_3)","decl":{"start":{"line":15,"column":52},"end":{"line":15,"column":53}},"loc":{"start":{"line":15,"column":61},"end":{"line":26,"column":5}},"line":15},"4":{"name":"(anonymous_4)","decl":{"start":{"line":29,"column":49},"end":{"line":29,"column":50}},"loc":{"start":{"line":29,"column":58},"end":{"line":44,"column":5}},"line":29},"5":{"name":"(anonymous_5)","decl":{"start":{"line":46,"column":62},"end":{"line":46,"column":63}},"loc":{"start":{"line":46,"column":71},"end":{"line":61,"column":5}},"line":46},"6":{"name":"(anonymous_6)","decl":{"start":{"line":63,"column":67},"end":{"line":63,"column":68}},"loc":{"start":{"line":63,"column":76},"end":{"line":75,"column":5}},"line":63},"7":{"name":"(anonymous_7)","decl":{"start":{"line":78,"column":82},"end":{"line":78,"column":83}},"loc":{"start":{"line":78,"column":91},"end":{"line":86,"column":5}},"line":78},"8":{"name":"(anonymous_8)","decl":{"start":{"line":88,"column":55},"end":{"line":88,"column":56}},"loc":{"start":{"line":88,"column":64},"end":{"line":98,"column":5}},"line":88}},"branchMap":{},"s":{"0":1,"1":1,"2":1,"3":1,"4":5,"5":5,"6":5,"7":5,"8":1,"9":1,"10":1,"11":1,"12":1,"13":1,"14":1,"15":1,"16":1,"17":1,"18":1,"19":1,"20":1,"21":1,"22":1,"23":1,"24":1,"25":1,"26":1,"27":1,"28":1,"29":1,"30":1,"31":1,"32":1,"33":1,"34":1,"35":1,"36":1,"37":1,"38":1,"39":1,"40":1,"41":1,"42":1,"43":1},"f":{"0":5,"1":1,"2":1,"3":1,"4":1,"5":1,"6":1,"7":1,"8":1},"b":{},"_coverageSchema":"1a1c01bbd47fc00a2c39e90264f33305004495a9","hash":"ef1f4ffc22236ac47a9ca3feb26bdb6844672116"}
,"/home/sonu/Desktop/bus_ticketing_system/backend/tests/addlocation.js": {"path":"/home/sonu/Desktop/bus_ticketing_system/backend/tests/addlocation.js","statementMap":{"0":{"start":{"line":1,"column":24},"end":{"line":1,"column":61}},"1":{"start":{"line":2,"column":16},"end":{"line":2,"column":36}},"2":{"start":{"line":3,"column":12},"end":{"line":3,"column":32}},"3":{"start":{"line":6,"column":21},"end":{"line":11,"column":1}},"4":{"start":{"line":7,"column":16},"end":{"line":7,"column":18}},"5":{"start":{"line":8,"column":4},"end":{"line":8,"column":48}},"6":{"start":{"line":9,"column":4},"end":{"line":9,"column":46}},"7":{"start":{"line":10,"column":4},"end":{"line":10,"column":14}},"8":{"start":{"line":14,"column":25},"end":{"line":55,"column":2}},"9":{"start":{"line":14,"column":31},"end":{"line":55,"column":2}},"10":{"start":{"line":15,"column":4},"end":{"line":15,"column":18}},"11":{"start":{"line":16,"column":4},"end":{"line":25,"column":6}},"12":{"start":{"line":17,"column":20},"end":{"line":23,"column":234}},"13":{"start":{"line":24,"column":8},"end":{"line":24,"column":37}},"14":{"start":{"line":27,"column":4},"end":{"line":39,"column":6}},"15":{"start":{"line":28,"column":18},"end":{"line":33,"column":9}},"16":{"start":{"line":34,"column":20},"end":{"line":34,"column":34}},"17":{"start":{"line":35,"column":8},"end":{"line":35,"column":34}},"18":{"start":{"line":37,"column":8},"end":{"line":37,"column":52}},"19":{"start":{"line":38,"column":8},"end":{"line":38,"column":43}},"20":{"start":{"line":42,"column":4},"end":{"line":54,"column":6}},"21":{"start":{"line":43,"column":18},"end":{"line":48,"column":9}},"22":{"start":{"line":49,"column":20},"end":{"line":49,"column":34}},"23":{"start":{"line":50,"column":8},"end":{"line":50,"column":34}},"24":{"start":{"line":52,"column":8},"end":{"line":52,"column":52}},"25":{"start":{"line":53,"column":8},"end":{"line":53,"column":88}},"26":{"start":{"line":57,"column":0},"end":{"line":57,"column":35}}},"fnMap":{"0":{"name":"(anonymous_0)","decl":{"start":{"line":6,"column":21},"end":{"line":6,"column":22}},"loc":{"start":{"line":6,"column":27},"end":{"line":11,"column":1}},"line":6},"1":{"name":"(anonymous_1)","decl":{"start":{"line":14,"column":25},"end":{"line":14,"column":26}},"loc":{"start":{"line":14,"column":31},"end":{"line":55,"column":2}},"line":14},"2":{"name":"(anonymous_2)","decl":{"start":{"line":14,"column":73},"end":{"line":14,"column":74}},"loc":{"start":{"line":14,"column":77},"end":{"line":55,"column":1}},"line":14},"3":{"name":"(anonymous_3)","decl":{"start":{"line":16,"column":55},"end":{"line":16,"column":56}},"loc":{"start":{"line":16,"column":64},"end":{"line":25,"column":5}},"line":16},"4":{"name":"(anonymous_4)","decl":{"start":{"line":27,"column":51},"end":{"line":27,"column":52}},"loc":{"start":{"line":27,"column":60},"end":{"line":39,"column":5}},"line":27},"5":{"name":"(anonymous_5)","decl":{"start":{"line":42,"column":80},"end":{"line":42,"column":81}},"loc":{"start":{"line":42,"column":89},"end":{"line":54,"column":5}},"line":42}},"branchMap":{},"s":{"0":1,"1":1,"2":1,"3":1,"4":2,"5":2,"6":2,"7":2,"8":1,"9":1,"10":1,"11":1,"12":1,"13":1,"14":1,"15":1,"16":1,"17":1,"18":1,"19":1,"20":1,"21":1,"22":1,"23":1,"24":1,"25":1,"26":1},"f":{"0":2,"1":1,"2":1,"3":1,"4":1,"5":1},"b":{},"_coverageSchema":"1a1c01bbd47fc00a2c39e90264f33305004495a9","hash":"2a79675e2c88898ed278c948f134f7a229b5d2f9"}
,"/home/sonu/Desktop/bus_ticketing_system/backend/tests/adminTests.js": {"path":"/home/sonu/Desktop/bus_ticketing_system/backend/tests/adminTests.js","statementMap":{"0":{"start":{"line":1,"column":16},"end":{"line":1,"column":36}},"1":{"start":{"line":2,"column":12},"end":{"line":2,"column":32}},"2":{"start":{"line":4,"column":36},"end":{"line":4,"column":68}},"3":{"start":{"line":6,"column":21},"end":{"line":129,"column":2}},"4":{"start":{"line":6,"column":27},"end":{"line":129,"column":2}},"5":{"start":{"line":7,"column":4},"end":{"line":7,"column":18}},"6":{"start":{"line":9,"column":25},"end":{"line":14,"column":5}},"7":{"start":{"line":10,"column":20},"end":{"line":10,"column":22}},"8":{"start":{"line":11,"column":8},"end":{"line":11,"column":52}},"9":{"start":{"line":12,"column":8},"end":{"line":12,"column":50}},"10":{"start":{"line":13,"column":8},"end":{"line":13,"column":18}},"11":{"start":{"line":16,"column":4},"end":{"line":83,"column":6}},"12":{"start":{"line":17,"column":8},"end":{"line":27,"column":11}},"13":{"start":{"line":18,"column":24},"end":{"line":25,"column":238}},"14":{"start":{"line":26,"column":12},"end":{"line":26,"column":41}},"15":{"start":{"line":29,"column":8},"end":{"line":41,"column":11}},"16":{"start":{"line":30,"column":24},"end":{"line":30,"column":38}},"17":{"start":{"line":31,"column":22},"end":{"line":36,"column":49}},"18":{"start":{"line":38,"column":12},"end":{"line":38,"column":39}},"19":{"start":{"line":40,"column":12},"end":{"line":40,"column":57}},"20":{"start":{"line":43,"column":8},"end":{"line":56,"column":11}},"21":{"start":{"line":44,"column":24},"end":{"line":44,"column":38}},"22":{"start":{"line":45,"column":22},"end":{"line":50,"column":49}},"23":{"start":{"line":52,"column":12},"end":{"line":52,"column":39}},"24":{"start":{"line":54,"column":12},"end":{"line":54,"column":57}},"25":{"start":{"line":55,"column":12},"end":{"line":55,"column":48}},"26":{"start":{"line":59,"column":8},"end":{"line":72,"column":11}},"27":{"start":{"line":60,"column":24},"end":{"line":60,"column":38}},"28":{"start":{"line":61,"column":22},"end":{"line":66,"column":25}},"29":{"start":{"line":68,"column":12},"end":{"line":68,"column":39}},"30":{"start":{"line":70,"column":12},"end":{"line":70,"column":57}},"31":{"start":{"line":71,"column":12},"end":{"line":71,"column":48}},"32":{"start":{"line":74,"column":8},"end":{"line":82,"column":11}},"33":{"start":{"line":75,"column":24},"end":{"line":75,"column":38}},"34":{"start":{"line":76,"column":22},"end":{"line":76,"column":84}},"35":{"start":{"line":78,"column":12},"end":{"line":78,"column":39}},"36":{"start":{"line":80,"column":12},"end":{"line":80,"column":57}},"37":{"start":{"line":81,"column":12},"end":{"line":81,"column":49}},"38":{"start":{"line":86,"column":4},"end":{"line":128,"column":6}},"39":{"start":{"line":87,"column":8},"end":{"line":92,"column":10}},"40":{"start":{"line":88,"column":24},"end":{"line":90,"column":238}},"41":{"start":{"line":91,"column":12},"end":{"line":91,"column":41}},"42":{"start":{"line":94,"column":8},"end":{"line":103,"column":11}},"43":{"start":{"line":95,"column":24},"end":{"line":95,"column":38}},"44":{"start":{"line":96,"column":22},"end":{"line":97,"column":49}},"45":{"start":{"line":99,"column":12},"end":{"line":99,"column":36}},"46":{"start":{"line":101,"column":12},"end":{"line":101,"column":57}},"47":{"start":{"line":102,"column":12},"end":{"line":102,"column":48}},"48":{"start":{"line":105,"column":8},"end":{"line":114,"column":11}},"49":{"start":{"line":106,"column":24},"end":{"line":106,"column":38}},"50":{"start":{"line":107,"column":22},"end":{"line":108,"column":49}},"51":{"start":{"line":110,"column":12},"end":{"line":110,"column":36}},"52":{"start":{"line":112,"column":12},"end":{"line":112,"column":57}},"53":{"start":{"line":113,"column":12},"end":{"line":113,"column":48}},"54":{"start":{"line":116,"column":8},"end":{"line":125,"column":11}},"55":{"start":{"line":117,"column":24},"end":{"line":117,"column":38}},"56":{"start":{"line":118,"column":22},"end":{"line":119,"column":25}},"57":{"start":{"line":121,"column":12},"end":{"line":121,"column":36}},"58":{"start":{"line":123,"column":12},"end":{"line":123,"column":57}},"59":{"start":{"line":124,"column":12},"end":{"line":124,"column":48}},"60":{"start":{"line":132,"column":0},"end":{"line":132,"column":33}}},"fnMap":{"0":{"name":"(anonymous_0)","decl":{"start":{"line":6,"column":21},"end":{"line":6,"column":22}},"loc":{"start":{"line":6,"column":27},"end":{"line":129,"column":2}},"line":6},"1":{"name":"(anonymous_1)","decl":{"start":{"line":6,"column":63},"end":{"line":6,"column":64}},"loc":{"start":{"line":6,"column":67},"end":{"line":129,"column":1}},"line":6},"2":{"name":"(anonymous_2)","decl":{"start":{"line":9,"column":25},"end":{"line":9,"column":26}},"loc":{"start":{"line":9,"column":31},"end":{"line":14,"column":5}},"line":9},"3":{"name":"(anonymous_3)","decl":{"start":{"line":16,"column":43},"end":{"line":16,"column":44}},"loc":{"start":{"line":16,"column":47},"end":{"line":83,"column":5}},"line":16},"4":{"name":"(anonymous_4)","decl":{"start":{"line":17,"column":61},"end":{"line":17,"column":62}},"loc":{"start":{"line":17,"column":70},"end":{"line":27,"column":9}},"line":17},"5":{"name":"(anonymous_5)","decl":{"start":{"line":29,"column":54},"end":{"line":29,"column":55}},"loc":{"start":{"line":29,"column":63},"end":{"line":41,"column":9}},"line":29},"6":{"name":"(anonymous_6)","decl":{"start":{"line":43,"column":57},"end":{"line":43,"column":58}},"loc":{"start":{"line":43,"column":66},"end":{"line":56,"column":9}},"line":43},"7":{"name":"(anonymous_7)","decl":{"start":{"line":59,"column":59},"end":{"line":59,"column":60}},"loc":{"start":{"line":59,"column":68},"end":{"line":72,"column":9}},"line":59},"8":{"name":"(anonymous_8)","decl":{"start":{"line":74,"column":86},"end":{"line":74,"column":87}},"loc":{"start":{"line":74,"column":95},"end":{"line":82,"column":9}},"line":74},"9":{"name":"(anonymous_9)","decl":{"start":{"line":86,"column":40},"end":{"line":86,"column":41}},"loc":{"start":{"line":86,"column":44},"end":{"line":128,"column":5}},"line":86},"10":{"name":"(anonymous_10)","decl":{"start":{"line":87,"column":58},"end":{"line":87,"column":59}},"loc":{"start":{"line":87,"column":67},"end":{"line":92,"column":9}},"line":87},"11":{"name":"(anonymous_11)","decl":{"start":{"line":94,"column":60},"end":{"line":94,"column":61}},"loc":{"start":{"line":94,"column":69},"end":{"line":103,"column":9}},"line":94},"12":{"name":"(anonymous_12)","decl":{"start":{"line":105,"column":71},"end":{"line":105,"column":72}},"loc":{"start":{"line":105,"column":80},"end":{"line":114,"column":9}},"line":105},"13":{"name":"(anonymous_13)","decl":{"start":{"line":116,"column":59},"end":{"line":116,"column":60}},"loc":{"start":{"line":116,"column":68},"end":{"line":125,"column":9}},"line":116}},"branchMap":{},"s":{"0":1,"1":1,"2":1,"3":1,"4":1,"5":1,"6":1,"7":7,"8":7,"9":7,"10":7,"11":1,"12":1,"13":1,"14":1,"15":1,"16":1,"17":1,"18":1,"19":1,"20":1,"21":1,"22":1,"23":1,"24":1,"25":1,"26":1,"27":1,"28":1,"29":1,"30":1,"31":1,"32":1,"33":1,"34":1,"35":1,"36":1,"37":1,"38":1,"39":1,"40":1,"41":1,"42":1,"43":1,"44":1,"45":1,"46":1,"47":1,"48":1,"49":1,"50":1,"51":1,"52":1,"53":1,"54":1,"55":1,"56":1,"57":1,"58":1,"59":1,"60":1},"f":{"0":1,"1":1,"2":7,"3":1,"4":1,"5":1,"6":1,"7":1,"8":1,"9":1,"10":1,"11":1,"12":1,"13":1},"b":{},"_coverageSchema":"1a1c01bbd47fc00a2c39e90264f33305004495a9","hash":"d6f6f07f6d87a2441e980be8f314f99210d0a5b9"}
,"/home/sonu/Desktop/bus_ticketing_system/backend/tests/busses.js": {"path":"/home/sonu/Desktop/bus_ticketing_system/backend/tests/busses.js","statementMap":{"0":{"start":{"line":1,"column":16},"end":{"line":1,"column":36}},"1":{"start":{"line":2,"column":12},"end":{"line":2,"column":32}},"2":{"start":{"line":3,"column":12},"end":{"line":3,"column":38}},"3":{"start":{"line":4,"column":15},"end":{"line":4,"column":42}},"4":{"start":{"line":5,"column":15},"end":{"line":5,"column":42}},"5":{"start":{"line":6,"column":32},"end":{"line":6,"column":63}},"6":{"start":{"line":8,"column":21},"end":{"line":13,"column":1}},"7":{"start":{"line":9,"column":14},"end":{"line":9,"column":16}},"8":{"start":{"line":10,"column":2},"end":{"line":10,"column":46}},"9":{"start":{"line":11,"column":2},"end":{"line":11,"column":44}},"10":{"start":{"line":12,"column":2},"end":{"line":12,"column":13}},"11":{"start":{"line":15,"column":20},"end":{"line":39,"column":1}},"12":{"start":{"line":41,"column":20},"end":{"line":224,"column":4}},"13":{"start":{"line":42,"column":2},"end":{"line":224,"column":4}},"14":{"start":{"line":43,"column":4},"end":{"line":152,"column":7}},"15":{"start":{"line":44,"column":26},"end":{"line":68,"column":7}},"16":{"start":{"line":70,"column":6},"end":{"line":81,"column":9}},"17":{"start":{"line":71,"column":20},"end":{"line":79,"column":11}},"18":{"start":{"line":80,"column":8},"end":{"line":80,"column":37}},"19":{"start":{"line":83,"column":6},"end":{"line":91,"column":9}},"20":{"start":{"line":84,"column":20},"end":{"line":84,"column":34}},"21":{"start":{"line":86,"column":18},"end":{"line":86,"column":36}},"22":{"start":{"line":88,"column":8},"end":{"line":88,"column":31}},"23":{"start":{"line":89,"column":8},"end":{"line":89,"column":53}},"24":{"start":{"line":90,"column":8},"end":{"line":90,"column":46}},"25":{"start":{"line":93,"column":6},"end":{"line":103,"column":9}},"26":{"start":{"line":94,"column":20},"end":{"line":94,"column":34}},"27":{"start":{"line":95,"column":20},"end":{"line":97,"column":9}},"28":{"start":{"line":99,"column":8},"end":{"line":99,"column":31}},"29":{"start":{"line":101,"column":8},"end":{"line":101,"column":53}},"30":{"start":{"line":102,"column":8},"end":{"line":102,"column":46}},"31":{"start":{"line":105,"column":6},"end":{"line":115,"column":9}},"32":{"start":{"line":106,"column":18},"end":{"line":109,"column":9}},"33":{"start":{"line":110,"column":20},"end":{"line":110,"column":34}},"34":{"start":{"line":111,"column":8},"end":{"line":111,"column":31}},"35":{"start":{"line":113,"column":8},"end":{"line":113,"column":53}},"36":{"start":{"line":114,"column":8},"end":{"line":114,"column":44}},"37":{"start":{"line":117,"column":6},"end":{"line":128,"column":9}},"38":{"start":{"line":118,"column":18},"end":{"line":120,"column":9}},"39":{"start":{"line":122,"column":8},"end":{"line":122,"column":37}},"40":{"start":{"line":123,"column":20},"end":{"line":123,"column":34}},"41":{"start":{"line":124,"column":8},"end":{"line":124,"column":31}},"42":{"start":{"line":126,"column":8},"end":{"line":126,"column":53}},"43":{"start":{"line":127,"column":8},"end":{"line":127,"column":44}},"44":{"start":{"line":130,"column":6},"end":{"line":141,"column":9}},"45":{"start":{"line":131,"column":18},"end":{"line":133,"column":9}},"46":{"start":{"line":135,"column":8},"end":{"line":135,"column":37}},"47":{"start":{"line":136,"column":20},"end":{"line":136,"column":34}},"48":{"start":{"line":137,"column":8},"end":{"line":137,"column":31}},"49":{"start":{"line":139,"column":8},"end":{"line":139,"column":53}},"50":{"start":{"line":140,"column":8},"end":{"line":140,"column":44}},"51":{"start":{"line":142,"column":6},"end":{"line":151,"column":9}},"52":{"start":{"line":143,"column":20},"end":{"line":143,"column":34}},"53":{"start":{"line":145,"column":18},"end":{"line":145,"column":36}},"54":{"start":{"line":146,"column":8},"end":{"line":146,"column":25}},"55":{"start":{"line":148,"column":8},"end":{"line":148,"column":31}},"56":{"start":{"line":149,"column":8},"end":{"line":149,"column":53}},"57":{"start":{"line":150,"column":8},"end":{"line":150,"column":46}},"58":{"start":{"line":154,"column":4},"end":{"line":223,"column":7}},"59":{"start":{"line":156,"column":26},"end":{"line":168,"column":7}},"60":{"start":{"line":170,"column":6},"end":{"line":181,"column":9}},"61":{"start":{"line":171,"column":20},"end":{"line":179,"column":11}},"62":{"start":{"line":180,"column":8},"end":{"line":180,"column":37}},"63":{"start":{"line":183,"column":6},"end":{"line":189,"column":9}},"64":{"start":{"line":184,"column":20},"end":{"line":184,"column":34}},"65":{"start":{"line":185,"column":20},"end":{"line":185,"column":36}},"66":{"start":{"line":186,"column":8},"end":{"line":186,"column":34}},"67":{"start":{"line":187,"column":8},"end":{"line":187,"column":53}},"68":{"start":{"line":188,"column":8},"end":{"line":188,"column":44}},"69":{"start":{"line":191,"column":6},"end":{"line":201,"column":9}},"70":{"start":{"line":192,"column":20},"end":{"line":192,"column":34}},"71":{"start":{"line":193,"column":20},"end":{"line":193,"column":36}},"72":{"start":{"line":194,"column":8},"end":{"line":197,"column":9}},"73":{"start":{"line":198,"column":8},"end":{"line":198,"column":34}},"74":{"start":{"line":199,"column":8},"end":{"line":199,"column":53}},"75":{"start":{"line":200,"column":8},"end":{"line":200,"column":44}},"76":{"start":{"line":203,"column":6},"end":{"line":210,"column":9}},"77":{"start":{"line":204,"column":20},"end":{"line":204,"column":34}},"78":{"start":{"line":205,"column":20},"end":{"line":205,"column":36}},"79":{"start":{"line":206,"column":8},"end":{"line":206,"column":25}},"80":{"start":{"line":207,"column":8},"end":{"line":207,"column":34}},"81":{"start":{"line":208,"column":8},"end":{"line":208,"column":53}},"82":{"start":{"line":209,"column":8},"end":{"line":209,"column":44}},"83":{"start":{"line":212,"column":6},"end":{"line":221,"column":9}},"84":{"start":{"line":213,"column":20},"end":{"line":213,"column":34}},"85":{"start":{"line":214,"column":20},"end":{"line":216,"column":9}},"86":{"start":{"line":217,"column":8},"end":{"line":217,"column":36}},"87":{"start":{"line":219,"column":8},"end":{"line":219,"column":53}},"88":{"start":{"line":220,"column":8},"end":{"line":220,"column":46}},"89":{"start":{"line":226,"column":0},"end":{"line":226,"column":46}}},"fnMap":{"0":{"name":"(anonymous_0)","decl":{"start":{"line":8,"column":21},"end":{"line":8,"column":22}},"loc":{"start":{"line":8,"column":27},"end":{"line":13,"column":1}},"line":8},"1":{"name":"(anonymous_1)","decl":{"start":{"line":41,"column":20},"end":{"line":41,"column":21}},"loc":{"start":{"line":42,"column":2},"end":{"line":224,"column":4}},"line":42},"2":{"name":"(anonymous_2)","decl":{"start":{"line":42,"column":39},"end":{"line":42,"column":40}},"loc":{"start":{"line":42,"column":45},"end":{"line":224,"column":3}},"line":42},"3":{"name":"(anonymous_3)","decl":{"start":{"line":43,"column":66},"end":{"line":43,"column":67}},"loc":{"start":{"line":43,"column":72},"end":{"line":152,"column":5}},"line":43},"4":{"name":"(anonymous_4)","decl":{"start":{"line":70,"column":54},"end":{"line":70,"column":55}},"loc":{"start":{"line":70,"column":66},"end":{"line":81,"column":7}},"line":70},"5":{"name":"(anonymous_5)","decl":{"start":{"line":83,"column":70},"end":{"line":83,"column":71}},"loc":{"start":{"line":83,"column":82},"end":{"line":91,"column":7}},"line":83},"6":{"name":"(anonymous_6)","decl":{"start":{"line":93,"column":85},"end":{"line":93,"column":86}},"loc":{"start":{"line":93,"column":97},"end":{"line":103,"column":7}},"line":93},"7":{"name":"(anonymous_7)","decl":{"start":{"line":105,"column":70},"end":{"line":105,"column":71}},"loc":{"start":{"line":105,"column":82},"end":{"line":115,"column":7}},"line":105},"8":{"name":"(anonymous_8)","decl":{"start":{"line":117,"column":74},"end":{"line":117,"column":75}},"loc":{"start":{"line":117,"column":86},"end":{"line":128,"column":7}},"line":117},"9":{"name":"(anonymous_9)","decl":{"start":{"line":130,"column":75},"end":{"line":130,"column":76}},"loc":{"start":{"line":130,"column":87},"end":{"line":141,"column":7}},"line":130},"10":{"name":"(anonymous_10)","decl":{"start":{"line":142,"column":58},"end":{"line":142,"column":59}},"loc":{"start":{"line":142,"column":70},"end":{"line":151,"column":7}},"line":142},"11":{"name":"(anonymous_11)","decl":{"start":{"line":154,"column":70},"end":{"line":154,"column":71}},"loc":{"start":{"line":154,"column":76},"end":{"line":223,"column":5}},"line":154},"12":{"name":"(anonymous_12)","decl":{"start":{"line":170,"column":59},"end":{"line":170,"column":60}},"loc":{"start":{"line":170,"column":71},"end":{"line":181,"column":7}},"line":170},"13":{"name":"(anonymous_13)","decl":{"start":{"line":183,"column":55},"end":{"line":183,"column":56}},"loc":{"start":{"line":183,"column":67},"end":{"line":189,"column":7}},"line":183},"14":{"name":"(anonymous_14)","decl":{"start":{"line":191,"column":82},"end":{"line":191,"column":83}},"loc":{"start":{"line":191,"column":94},"end":{"line":201,"column":7}},"line":191},"15":{"name":"(anonymous_15)","decl":{"start":{"line":203,"column":79},"end":{"line":203,"column":80}},"loc":{"start":{"line":203,"column":91},"end":{"line":210,"column":7}},"line":203},"16":{"name":"(anonymous_16)","decl":{"start":{"line":212,"column":85},"end":{"line":212,"column":86}},"loc":{"start":{"line":212,"column":97},"end":{"line":221,"column":7}},"line":212}},"branchMap":{},"s":{"0":1,"1":1,"2":1,"3":1,"4":1,"5":1,"6":1,"7":10,"8":10,"9":10,"10":10,"11":1,"12":1,"13":1,"14":1,"15":1,"16":1,"17":1,"18":1,"19":1,"20":1,"21":1,"22":1,"23":1,"24":1,"25":1,"26":1,"27":1,"28":1,"29":1,"30":1,"31":1,"32":1,"33":1,"34":1,"35":1,"36":1,"37":1,"38":1,"39":1,"40":1,"41":1,"42":1,"43":1,"44":1,"45":1,"46":1,"47":1,"48":1,"49":1,"50":1,"51":1,"52":1,"53":1,"54":1,"55":1,"56":1,"57":1,"58":1,"59":1,"60":1,"61":1,"62":1,"63":1,"64":1,"65":1,"66":1,"67":1,"68":1,"69":1,"70":1,"71":1,"72":1,"73":1,"74":1,"75":1,"76":1,"77":1,"78":1,"79":1,"80":1,"81":1,"82":1,"83":1,"84":1,"85":1,"86":1,"87":1,"88":1,"89":1},"f":{"0":10,"1":1,"2":1,"3":1,"4":1,"5":1,"6":1,"7":1,"8":1,"9":1,"10":1,"11":1,"12":1,"13":1,"14":1,"15":1,"16":1},"b":{},"_coverageSchema":"1a1c01bbd47fc00a2c39e90264f33305004495a9","hash":"186d9120e13057a6b2ef23d67cd34c243bf84d0c"}
,"/home/sonu/Desktop/bus_ticketing_system/backend/tests/login.js": {"path":"/home/sonu/Desktop/bus_ticketing_system/backend/tests/login.js","statementMap":{"0":{"start":{"line":1,"column":16},"end":{"line":1,"column":36}},"1":{"start":{"line":2,"column":12},"end":{"line":2,"column":32}},"2":{"start":{"line":3,"column":18},"end":{"line":3,"column":49}},"3":{"start":{"line":6,"column":21},"end":{"line":13,"column":1}},"4":{"start":{"line":7,"column":16},"end":{"line":7,"column":18}},"5":{"start":{"line":8,"column":4},"end":{"line":8,"column":48}},"6":{"start":{"line":9,"column":4},"end":{"line":9,"column":46}},"7":{"start":{"line":10,"column":4},"end":{"line":10,"column":14}},"8":{"start":{"line":15,"column":19},"end":{"line":57,"column":2}},"9":{"start":{"line":15,"column":25},"end":{"line":57,"column":2}},"10":{"start":{"line":16,"column":4},"end":{"line":16,"column":20}},"11":{"start":{"line":17,"column":4},"end":{"line":26,"column":6}},"12":{"start":{"line":18,"column":20},"end":{"line":23,"column":10}},"13":{"start":{"line":24,"column":12},"end":{"line":24,"column":45}},"14":{"start":{"line":29,"column":4},"end":{"line":41,"column":6}},"15":{"start":{"line":30,"column":18},"end":{"line":35,"column":9}},"16":{"start":{"line":36,"column":20},"end":{"line":36,"column":34}},"17":{"start":{"line":38,"column":8},"end":{"line":38,"column":28}},"18":{"start":{"line":39,"column":8},"end":{"line":39,"column":52}},"19":{"start":{"line":40,"column":8},"end":{"line":40,"column":43}},"20":{"start":{"line":44,"column":4},"end":{"line":56,"column":6}},"21":{"start":{"line":45,"column":18},"end":{"line":50,"column":9}},"22":{"start":{"line":51,"column":20},"end":{"line":51,"column":34}},"23":{"start":{"line":53,"column":8},"end":{"line":53,"column":28}},"24":{"start":{"line":54,"column":8},"end":{"line":54,"column":52}},"25":{"start":{"line":55,"column":8},"end":{"line":55,"column":43}},"26":{"start":{"line":59,"column":0},"end":{"line":59,"column":31}}},"fnMap":{"0":{"name":"(anonymous_0)","decl":{"start":{"line":6,"column":21},"end":{"line":6,"column":22}},"loc":{"start":{"line":6,"column":27},"end":{"line":13,"column":1}},"line":6},"1":{"name":"(anonymous_1)","decl":{"start":{"line":15,"column":19},"end":{"line":15,"column":20}},"loc":{"start":{"line":15,"column":25},"end":{"line":57,"column":2}},"line":15},"2":{"name":"(anonymous_2)","decl":{"start":{"line":15,"column":61},"end":{"line":15,"column":62}},"loc":{"start":{"line":15,"column":65},"end":{"line":57,"column":1}},"line":15},"3":{"name":"(anonymous_3)","decl":{"start":{"line":17,"column":50},"end":{"line":17,"column":51}},"loc":{"start":{"line":17,"column":59},"end":{"line":26,"column":5}},"line":17},"4":{"name":"(anonymous_4)","decl":{"start":{"line":29,"column":60},"end":{"line":29,"column":61}},"loc":{"start":{"line":29,"column":69},"end":{"line":41,"column":5}},"line":29},"5":{"name":"(anonymous_5)","decl":{"start":{"line":44,"column":54},"end":{"line":44,"column":55}},"loc":{"start":{"line":44,"column":63},"end":{"line":56,"column":5}},"line":44}},"branchMap":{},"s":{"0":1,"1":1,"2":1,"3":1,"4":2,"5":2,"6":2,"7":2,"8":1,"9":1,"10":1,"11":1,"12":1,"13":1,"14":1,"15":1,"16":1,"17":1,"18":1,"19":1,"20":1,"21":1,"22":1,"23":1,"24":1,"25":1,"26":1},"f":{"0":2,"1":1,"2":1,"3":1,"4":1,"5":1},"b":{},"_coverageSchema":"1a1c01bbd47fc00a2c39e90264f33305004495a9","hash":"a2038faef5505e1f320e0651f4cdc385c6d4af12"}
,"/home/sonu/Desktop/bus_ticketing_system/backend/utils/allBookedTickets.js": {"path":"/home/sonu/Desktop/bus_ticketing_system/backend/utils/allBookedTickets.js","statementMap":{"0":{"start":{"line":1,"column":16},"end":{"line":1,"column":44}},"1":{"start":{"line":4,"column":25},"end":{"line":12,"column":1}},"2":{"start":{"line":5,"column":16},"end":{"line":5,"column":45}},"3":{"start":{"line":7,"column":2},"end":{"line":7,"column":53}},"4":{"start":{"line":7,"column":36},"end":{"line":7,"column":51}},"5":{"start":{"line":9,"column":23},"end":{"line":9,"column":51}},"6":{"start":{"line":11,"column":2},"end":{"line":11,"column":23}},"7":{"start":{"line":14,"column":0},"end":{"line":14,"column":38}}},"fnMap":{"0":{"name":"(anonymous_0)","decl":{"start":{"line":4,"column":25},"end":{"line":4,"column":26}},"loc":{"start":{"line":4,"column":42},"end":{"line":12,"column":1}},"line":4},"1":{"name":"(anonymous_1)","decl":{"start":{"line":7,"column":24},"end":{"line":7,"column":25}},"loc":{"start":{"line":7,"column":36},"end":{"line":7,"column":51}},"line":7}},"branchMap":{},"s":{"0":1,"1":1,"2":0,"3":0,"4":0,"5":0,"6":0,"7":1},"f":{"0":0,"1":0},"b":{},"_coverageSchema":"1a1c01bbd47fc00a2c39e90264f33305004495a9","hash":"4460a5afe0b6bc14f2a3967d0e81b9b99763018c"}
,"/home/sonu/Desktop/bus_ticketing_system/backend/utils/searchLocation.js": {"path":"/home/sonu/Desktop/bus_ticketing_system/backend/utils/searchLocation.js","statementMap":{"0":{"start":{"line":1,"column":17},"end":{"line":1,"column":47}},"1":{"start":{"line":3,"column":23},"end":{"line":9,"column":1}},"2":{"start":{"line":4,"column":25},"end":{"line":4,"column":33}},"3":{"start":{"line":5,"column":20},"end":{"line":5,"column":75}},"4":{"start":{"line":6,"column":8},"end":{"line":8,"column":9}},"5":{"start":{"line":7,"column":12},"end":{"line":7,"column":28}},"6":{"start":{"line":10,"column":0},"end":{"line":10,"column":34}}},"fnMap":{"0":{"name":"(anonymous_0)","decl":{"start":{"line":3,"column":23},"end":{"line":3,"column":24}},"loc":{"start":{"line":3,"column":41},"end":{"line":9,"column":1}},"line":3}},"branchMap":{"0":{"loc":{"start":{"line":6,"column":8},"end":{"line":8,"column":9}},"type":"if","locations":[{"start":{"line":6,"column":8},"end":{"line":8,"column":9}},{"start":{"line":6,"column":8},"end":{"line":8,"column":9}}],"line":6}},"s":{"0":1,"1":1,"2":19,"3":19,"4":19,"5":15,"6":1},"f":{"0":19},"b":{"0":[15,4]},"_coverageSchema":"1a1c01bbd47fc00a2c39e90264f33305004495a9","hash":"962ab0abe3398989aa70818a118589a7bc39f744"}
}
