TN:
SF:server.js
FN:20,(anonymous_0)
FN:25,(anonymous_1)
FNF:2
FNH:0
FNDA:0,(anonymous_0)
FNDA:0,(anonymous_1)
DA:1,1
DA:2,1
DA:3,1
DA:5,1
DA:8,1
DA:10,1
DA:11,1
DA:13,1
DA:14,1
DA:17,1
DA:18,1
DA:20,1
DA:21,0
DA:22,0
DA:25,1
DA:26,0
DA:31,1
DA:37,1
LF:18
LH:15
BRDA:26,0,0,0
BRDA:26,0,1,0
BRF:2
BRH:0
end_of_record
TN:
SF:config/db.js
FN:5,(anonymous_0)
FN:10,(anonymous_1)
FN:23,(anonymous_2)
FN:29,(anonymous_3)
FNF:4
FNH:4
FNDA:1,(anonymous_0)
FNDA:1,(anonymous_1)
FNDA:1,(anonymous_2)
FNDA:1,(anonymous_3)
DA:1,1
DA:2,1
DA:3,1
DA:5,1
DA:6,1
DA:7,1
DA:8,1
DA:10,1
DA:11,1
DA:12,1
DA:13,1
DA:19,1
DA:20,1
DA:23,1
DA:24,1
DA:25,1
DA:26,1
DA:29,1
DA:30,1
DA:31,1
DA:32,6
DA:33,6
DA:37,0
DA:38,0
DA:45,0
DA:47,0
DA:48,0
DA:55,1
LF:28
LH:23
BRDA:6,0,0,1
BRDA:6,0,1,0
BRF:2
BRH:1
end_of_record
TN:
SF:controllers/Buses.js
FN:9,(anonymous_0)
FN:101,(anonymous_1)
FN:114,(anonymous_2)
FN:115,(anonymous_3)
FN:124,(anonymous_4)
FN:159,(anonymous_5)
FN:179,(anonymous_6)
FNF:7
FNH:0
FNDA:0,(anonymous_0)
FNDA:0,(anonymous_1)
FNDA:0,(anonymous_2)
FNDA:0,(anonymous_3)
FNDA:0,(anonymous_4)
FNDA:0,(anonymous_5)
FNDA:0,(anonymous_6)
DA:1,1
DA:2,1
DA:3,1
DA:4,1
DA:5,1
DA:6,1
DA:9,1
DA:10,0
DA:11,0
DA:12,0
DA:27,0
DA:29,0
DA:31,0
DA:40,0
DA:41,0
DA:43,0
DA:44,0
DA:45,0
DA:46,0
DA:48,0
DA:49,0
DA:51,0
DA:52,0
DA:53,0
DA:56,0
DA:57,0
DA:58,0
DA:61,0
DA:62,0
DA:63,0
DA:64,0
DA:67,0
DA:68,0
DA:69,0
DA:72,0
DA:73,0
DA:74,0
DA:75,0
DA:77,0
DA:80,0
DA:85,0
DA:88,0
DA:89,0
DA:90,0
DA:91,0
DA:93,0
DA:96,0
DA:101,1
DA:102,0
DA:103,0
DA:104,0
DA:105,0
DA:106,0
DA:107,0
DA:109,0
DA:111,0
DA:114,1
DA:115,0
DA:116,0
DA:117,0
DA:118,0
DA:124,1
DA:125,0
DA:126,0
DA:127,0
DA:130,0
DA:132,0
DA:133,0
DA:134,0
DA:135,0
DA:138,0
DA:139,0
DA:140,0
DA:143,0
DA:146,0
DA:147,0
DA:150,0
DA:152,0
DA:153,0
DA:159,1
DA:160,0
DA:161,0
DA:163,0
DA:164,0
DA:166,0
DA:168,0
DA:169,0
DA:171,0
DA:179,1
DA:180,0
DA:181,0
DA:183,0
DA:184,0
DA:186,0
DA:188,0
DA:189,0
DA:191,0
DA:192,0
DA:193,0
DA:194,0
DA:197,0
DA:201,0
DA:204,0
DA:205,0
DA:207,0
DA:210,1
LF:106
LH:13
BRDA:11,0,0,0
BRDA:11,0,1,0
BRDA:40,1,0,0
BRDA:40,1,1,0
BRDA:41,2,0,0
BRDA:41,2,1,0
BRDA:45,3,0,0
BRDA:45,3,1,0
BRDA:52,4,0,0
BRDA:52,4,1,0
BRDA:57,5,0,0
BRDA:57,5,1,0
BRDA:63,6,0,0
BRDA:63,6,1,0
BRDA:68,7,0,0
BRDA:68,7,1,0
BRDA:77,8,0,0
BRDA:77,8,1,0
BRDA:117,9,0,0
BRDA:117,9,1,0
BRDA:126,10,0,0
BRDA:126,10,1,0
BRDA:134,11,0,0
BRDA:134,11,1,0
BRDA:139,12,0,0
BRDA:139,12,1,0
BRDA:146,13,0,0
BRDA:146,13,1,0
BRDA:163,14,0,0
BRDA:163,14,1,0
BRDA:168,15,0,0
BRDA:168,15,1,0
BRDA:183,16,0,0
BRDA:183,16,1,0
BRDA:193,17,0,0
BRDA:193,17,1,0
BRDA:204,18,0,0
BRDA:204,18,1,0
BRF:38
BRH:0
end_of_record
TN:
SF:controllers/addLocation.js
FN:5,(anonymous_0)
FNF:1
FNH:1
FNDA:3,(anonymous_0)
DA:1,1
DA:2,1
DA:3,1
DA:5,1
DA:6,3
DA:7,3
DA:8,0
DA:10,3
DA:11,3
DA:12,3
DA:13,3
DA:14,1
DA:18,2
DA:22,2
DA:23,2
DA:25,0
DA:26,0
DA:30,1
LF:18
LH:15
BRDA:7,0,0,0
BRDA:7,0,1,3
BRDA:13,1,0,1
BRDA:13,1,1,2
BRF:4
BRH:3
end_of_record
TN:
SF:controllers/admins.js
FN:6,(anonymous_0)
FN:25,(anonymous_1)
FNF:2
FNH:2
FNDA:3,(anonymous_0)
FNDA:4,(anonymous_1)
DA:1,1
DA:2,1
DA:6,1
DA:7,3
DA:8,3
DA:12,3
DA:13,1
DA:15,2
DA:17,0
DA:18,0
DA:25,1
DA:26,4
DA:27,4
DA:28,1
DA:30,3
DA:34,3
DA:35,3
DA:37,3
DA:38,3
DA:39,3
DA:41,1
DA:46,1
DA:51,2
DA:52,2
DA:53,2
DA:55,0
DA:56,0
DA:61,1
LF:28
LH:24
BRDA:12,0,0,1
BRDA:12,0,1,2
BRDA:27,1,0,1
BRDA:27,1,1,3
BRDA:39,2,0,1
BRDA:39,2,1,2
BRF:6
BRH:6
end_of_record
TN:
SF:controllers/demo.js
FN:3,(anonymous_0)
FNF:1
FNH:1
FNDA:1,(anonymous_0)
DA:3,1
DA:5,1
DA:7,1
DA:8,1
DA:11,0
DA:16,1
LF:6
LH:5
BRDA:7,0,0,1
BRDA:7,0,1,0
BRF:2
BRH:1
end_of_record
TN:
SF:controllers/login.js
FN:8,(anonymous_0)
FN:16,(anonymous_1)
FN:29,(anonymous_2)
FNF:3
FNH:3
FNDA:2,(anonymous_0)
FNDA:3,(anonymous_1)
FNDA:3,(anonymous_2)
DA:1,1
DA:2,1
DA:3,1
DA:4,1
DA:6,1
DA:8,1
DA:13,2
DA:16,1
DA:17,3
DA:18,3
DA:19,0
DA:23,0
DA:25,3
DA:29,1
DA:30,3
DA:31,3
DA:32,0
DA:34,3
DA:35,3
DA:36,3
DA:37,3
DA:38,1
DA:40,2
DA:41,2
DA:42,0
DA:44,2
DA:50,2
DA:52,2
DA:54,0
DA:55,0
DA:59,1
LF:31
LH:25
BRDA:10,0,0,2
BRDA:11,1,0,2
BRDA:18,2,0,0
BRDA:18,2,1,3
BRDA:31,3,0,0
BRDA:31,3,1,3
BRDA:37,4,0,1
BRDA:37,4,1,2
BRDA:41,5,0,0
BRDA:41,5,1,2
BRF:10
BRH:7
end_of_record
TN:
SF:controllers/signup.js
FN:9,(anonymous_0)
FN:24,(anonymous_1)
FN:28,(anonymous_2)
FNF:3
FNH:3
FNDA:3,(anonymous_0)
FNDA:2,(anonymous_1)
FNDA:3,(anonymous_2)
DA:1,1
DA:2,1
DA:3,1
DA:4,1
DA:6,1
DA:9,1
DA:10,3
DA:11,3
DA:12,0
DA:16,0
DA:19,3
DA:24,1
DA:25,2
DA:28,1
DA:29,3
DA:30,3
DA:31,0
DA:34,3
DA:35,3
DA:36,3
DA:37,1
DA:40,2
DA:49,2
DA:51,2
DA:53,2
DA:55,2
DA:62,2
DA:65,2
DA:67,1
LF:29
LH:26
BRDA:11,0,0,0
BRDA:11,0,1,3
BRDA:24,1,0,2
BRDA:24,2,0,2
BRDA:30,3,0,0
BRDA:30,3,1,3
BRDA:36,4,0,1
BRDA:36,4,1,2
BRF:8
BRH:6
end_of_record
TN:
SF:controllers/staffs.js
FN:6,(anonymous_0)
FNF:1
FNH:0
FNDA:0,(anonymous_0)
DA:1,1
DA:2,1
DA:3,1
DA:6,1
DA:8,0
DA:9,0
DA:10,0
DA:13,0
DA:14,0
DA:15,0
DA:16,0
DA:17,0
DA:18,0
DA:19,0
DA:20,0
DA:21,0
DA:23,0
DA:27,0
DA:28,0
DA:30,0
DA:33,0
DA:38,1
LF:22
LH:5
BRDA:9,0,0,0
BRDA:9,0,1,0
BRDA:18,1,0,0
BRDA:18,1,1,0
BRDA:20,2,0,0
BRDA:20,2,1,0
BRF:6
BRH:0
end_of_record
TN:
SF:controllers/tickets.js
FN:6,(anonymous_0)
FN:36,(anonymous_1)
FN:56,(anonymous_2)
FNF:3
FNH:0
FNDA:0,(anonymous_0)
FNDA:0,(anonymous_1)
FNDA:0,(anonymous_2)
DA:1,1
DA:2,1
DA:3,1
DA:4,1
DA:6,1
DA:7,0
DA:8,0
DA:9,0
DA:12,0
DA:14,0
DA:22,0
DA:23,0
DA:25,0
DA:26,0
DA:28,0
DA:30,0
DA:31,0
DA:32,0
DA:36,0
DA:37,0
DA:39,0
DA:40,0
DA:43,0
DA:44,0
DA:45,0
DA:46,0
DA:48,0
DA:50,0
DA:52,0
DA:56,1
DA:57,0
DA:58,0
DA:59,0
DA:60,0
DA:61,0
DA:62,0
DA:64,0
DA:68,0
DA:71,1
LF:39
LH:7
BRDA:8,0,0,0
BRDA:8,0,1,0
BRDA:25,1,0,0
BRDA:25,1,1,0
BRDA:31,2,0,0
BRDA:31,2,1,0
BRDA:39,3,0,0
BRDA:39,3,1,0
BRDA:60,4,0,0
BRDA:60,4,1,0
BRF:10
BRH:0
end_of_record
TN:
SF:middlewares/auth.js
FN:5,(anonymous_0)
FNF:1
FNH:1
FNDA:6,(anonymous_0)
DA:1,2
DA:2,2
DA:5,2
DA:7,6
DA:8,6
DA:9,1
DA:12,5
DA:13,5
DA:14,4
DA:15,4
DA:17,1
LF:11
LH:11
BRDA:8,0,0,1
BRDA:8,0,1,5
BRF:2
BRH:2
end_of_record
TN:
SF:middlewares/isAdmin.js
FN:2,(anonymous_0)
FNF:1
FNH:1
FNDA:5,(anonymous_0)
DA:2,2
DA:4,5
DA:5,5
DA:6,1
DA:7,1
DA:9,4
LF:6
LH:6
BRDA:5,0,0,1
BRDA:5,0,1,4
BRF:2
BRH:2
end_of_record
TN:
SF:models/Agency.js
FNF:0
FNH:0
DA:1,1
DA:3,1
DA:25,1
DA:26,1
LF:4
LH:4
BRF:0
BRH:0
end_of_record
TN:
SF:models/Buses.js
FNF:0
FNH:0
DA:1,1
DA:3,1
DA:68,1
DA:69,1
LF:4
LH:4
BRF:0
BRH:0
end_of_record
TN:
SF:models/Locations.js
FNF:0
FNH:0
DA:1,1
DA:3,1
DA:19,1
DA:20,1
LF:4
LH:4
BRF:0
BRH:0
end_of_record
TN:
SF:models/Staffs.js
FNF:0
FNH:0
DA:1,1
DA:3,1
DA:30,1
DA:31,1
LF:4
LH:4
BRF:0
BRH:0
end_of_record
TN:
SF:models/Tickets.js
FNF:0
FNH:0
DA:1,1
DA:2,1
DA:45,1
DA:46,1
LF:4
LH:4
BRF:0
BRH:0
end_of_record
TN:
SF:models/Users.js
FNF:0
FNH:0
DA:1,1
DA:2,1
DA:27,1
DA:29,1
LF:4
LH:4
BRF:0
BRH:0
end_of_record
TN:
SF:routes/admins.js
FNF:0
FNH:0
DA:1,1
DA:2,1
DA:3,1
DA:4,1
DA:5,1
DA:6,1
DA:7,1
DA:8,1
DA:9,1
DA:10,1
DA:15,1
DA:21,1
DA:36,1
DA:49,1
DA:89,1
DA:104,1
LF:16
LH:16
BRF:0
BRH:0
end_of_record
TN:
SF:routes/busSearch.js
FNF:0
FNH:0
DA:1,1
DA:2,1
DA:3,1
DA:4,1
DA:5,1
DA:6,1
DA:12,1
DA:25,1
DA:32,1
DA:38,1
DA:54,1
LF:11
LH:11
BRF:0
BRH:0
end_of_record
TN:
SF:routes/users.js
FNF:0
FNH:0
DA:2,1
DA:3,1
DA:4,1
DA:5,1
DA:6,1
DA:7,1
DA:12,1
DA:21,1
DA:33,1
LF:9
LH:9
BRF:0
BRH:0
end_of_record
TN:
SF:tests/addlocation.js
FN:6,(anonymous_0)
FN:14,(anonymous_1)
FN:14,(anonymous_2)
FN:16,(anonymous_3)
FN:27,(anonymous_4)
FN:42,(anonymous_5)
FNF:6
FNH:6
FNDA:2,(anonymous_0)
FNDA:1,(anonymous_1)
FNDA:1,(anonymous_2)
FNDA:1,(anonymous_3)
FNDA:1,(anonymous_4)
FNDA:1,(anonymous_5)
DA:1,1
DA:2,1
DA:3,1
DA:6,1
DA:7,2
DA:8,2
DA:9,2
DA:10,2
DA:14,1
DA:15,1
DA:16,1
DA:17,1
DA:24,1
DA:27,1
DA:28,1
DA:34,1
DA:35,1
DA:37,1
DA:38,1
DA:42,1
DA:43,1
DA:49,1
DA:50,1
DA:52,1
DA:53,1
DA:57,1
LF:26
LH:26
BRF:0
BRH:0
end_of_record
TN:
SF:tests/adminTests.js
FN:6,(anonymous_0)
FN:6,(anonymous_1)
FN:9,(anonymous_2)
FN:16,(anonymous_3)
FN:17,(anonymous_4)
FN:29,(anonymous_5)
FN:43,(anonymous_6)
FN:58,(anonymous_7)
FN:70,(anonymous_8)
FN:71,(anonymous_9)
FN:78,(anonymous_10)
FN:89,(anonymous_11)
FNF:12
FNH:12
FNDA:1,(anonymous_0)
FNDA:1,(anonymous_1)
FNDA:5,(anonymous_2)
FNDA:1,(anonymous_3)
FNDA:1,(anonymous_4)
FNDA:1,(anonymous_5)
FNDA:1,(anonymous_6)
FNDA:1,(anonymous_7)
FNDA:1,(anonymous_8)
FNDA:1,(anonymous_9)
FNDA:1,(anonymous_10)
FNDA:1,(anonymous_11)
DA:1,1
DA:2,1
DA:4,1
DA:6,1
DA:7,1
DA:9,1
DA:10,5
DA:11,5
DA:12,5
DA:13,5
DA:16,1
DA:17,1
DA:18,1
DA:26,1
DA:29,1
DA:30,1
DA:31,1
DA:38,1
DA:40,1
DA:43,1
DA:44,1
DA:45,1
DA:52,1
DA:54,1
DA:55,1
DA:58,1
DA:59,1
DA:60,1
DA:62,1
DA:64,1
DA:65,1
DA:70,1
DA:71,1
DA:72,1
DA:75,1
DA:78,1
DA:79,1
DA:80,1
DA:83,1
DA:85,1
DA:86,1
DA:89,1
DA:90,1
DA:91,1
DA:94,1
DA:96,1
DA:97,1
DA:105,1
LF:48
LH:48
BRF:0
BRH:0
end_of_record
TN:
SF:tests/login.js
FN:6,(anonymous_0)
FN:15,(anonymous_1)
FN:15,(anonymous_2)
FN:17,(anonymous_3)
FN:29,(anonymous_4)
FN:44,(anonymous_5)
FNF:6
FNH:6
FNDA:2,(anonymous_0)
FNDA:1,(anonymous_1)
FNDA:1,(anonymous_2)
FNDA:1,(anonymous_3)
FNDA:1,(anonymous_4)
FNDA:1,(anonymous_5)
DA:1,1
DA:2,1
DA:3,1
DA:6,1
DA:7,2
DA:8,2
DA:9,2
DA:10,2
DA:15,1
DA:16,1
DA:17,1
DA:18,1
DA:24,1
DA:29,1
DA:30,1
DA:36,1
DA:38,1
DA:39,1
DA:40,1
DA:44,1
DA:45,1
DA:51,1
DA:53,1
DA:54,1
DA:55,1
DA:59,1
LF:26
LH:26
BRF:0
BRH:0
end_of_record
TN:
SF:utils/allBookedTickets.js
FN:4,(anonymous_0)
FN:7,(anonymous_1)
FNF:2
FNH:0
FNDA:0,(anonymous_0)
FNDA:0,(anonymous_1)
DA:1,1
DA:4,1
DA:5,0
DA:7,0
DA:9,0
DA:11,0
DA:14,1
LF:7
LH:3
BRF:0
BRH:0
end_of_record
TN:
SF:utils/searchLocation.js
FN:3,(anonymous_0)
FNF:1
FNH:1
FNDA:3,(anonymous_0)
DA:1,1
DA:3,1
DA:4,3
DA:5,3
DA:6,3
DA:7,1
DA:10,1
LF:7
LH:7
BRDA:6,0,0,1
BRDA:6,0,1,2
BRF:2
BRH:2
end_of_record
