TN:
SF:server.js
FN:20,(anonymous_0)
FN:25,(anonymous_1)
FNF:2
FNH:0
FNDA:0,(anonymous_0)
FNDA:0,(anonymous_1)
DA:1,1
DA:2,1
DA:3,1
DA:5,1
DA:8,1
DA:10,1
DA:11,1
DA:13,1
DA:14,1
DA:17,1
DA:18,1
DA:20,1
DA:21,0
DA:22,0
DA:25,1
DA:26,0
DA:31,1
DA:37,1
LF:18
LH:15
BRDA:26,0,0,0
BRDA:26,0,1,0
BRF:2
BRH:0
end_of_record
TN:
SF:config/db.js
FN:5,(anonymous_0)
FN:10,(anonymous_1)
FN:23,(anonymous_2)
FN:29,(anonymous_3)
FNF:4
FNH:4
FNDA:1,(anonymous_0)
FNDA:1,(anonymous_1)
FNDA:1,(anonymous_2)
FNDA:1,(anonymous_3)
DA:1,1
DA:2,1
DA:3,1
DA:5,1
DA:6,1
DA:7,1
DA:8,1
DA:10,1
DA:11,1
DA:12,1
DA:13,1
DA:19,1
DA:20,1
DA:23,1
DA:24,1
DA:25,1
DA:26,1
DA:29,1
DA:30,1
DA:31,1
DA:32,6
DA:33,6
DA:37,0
DA:38,0
DA:45,0
DA:47,0
DA:48,0
DA:55,1
LF:28
LH:23
BRDA:6,0,0,1
BRDA:6,0,1,0
BRF:2
BRH:1
end_of_record
TN:
SF:controllers/Buses.js
FN:9,(anonymous_0)
FN:107,(anonymous_1)
FN:120,(anonymous_2)
FN:121,(anonymous_3)
FN:130,(anonymous_4)
FN:151,(anonymous_5)
FN:165,(anonymous_6)
FN:179,(anonymous_7)
FNF:8
FNH:8
FNDA:8,(anonymous_0)
FNDA:5,(anonymous_1)
FNDA:10,(anonymous_2)
FNDA:10,(anonymous_3)
FNDA:5,(anonymous_4)
FNDA:2,(anonymous_5)
FNDA:4,(anonymous_6)
FNDA:4,(anonymous_7)
DA:1,1
DA:2,1
DA:3,1
DA:4,1
DA:5,1
DA:6,1
DA:9,1
DA:10,8
DA:11,8
DA:12,1
DA:30,7
DA:32,7
DA:34,7
DA:45,7
DA:46,7
DA:50,7
DA:51,7
DA:52,6
DA:53,5
DA:55,5
DA:56,5
DA:58,5
DA:59,5
DA:60,5
DA:61,0
DA:63,5
DA:64,5
DA:65,5
DA:66,1
DA:68,4
DA:69,1
DA:71,3
DA:72,1
DA:74,2
DA:75,2
DA:76,2
DA:77,2
DA:79,2
DA:81,1
DA:86,1
DA:90,1
DA:93,1
DA:95,1
DA:96,1
DA:97,1
DA:99,1
DA:102,1
DA:107,1
DA:108,5
DA:109,5
DA:110,5
DA:111,20
DA:112,20
DA:113,240
DA:115,20
DA:117,5
DA:120,1
DA:121,10
DA:122,10
DA:123,10
DA:124,10
DA:130,1
DA:131,5
DA:132,5
DA:133,1
DA:136,4
DA:138,4
DA:139,4
DA:140,4
DA:141,4
DA:142,2
DA:145,2
DA:148,2
DA:149,0
DA:151,2
DA:152,2
DA:154,2
DA:155,0
DA:157,2
DA:159,0
DA:160,0
DA:165,1
DA:166,4
DA:167,4
DA:169,3
DA:170,1
DA:172,2
DA:174,1
DA:179,1
DA:180,4
DA:181,4
DA:182,3
DA:183,1
DA:185,2
DA:187,2
DA:188,2
DA:190,2
DA:191,8
DA:192,96
DA:193,0
DA:195,96
DA:199,2
DA:201,1
DA:204,1
LF:104
LH:98
BRDA:11,0,0,1
BRDA:11,0,1,7
BRDA:45,1,0,0
BRDA:45,1,1,7
BRDA:46,2,0,0
BRDA:46,2,1,7
BRDA:52,3,0,5
BRDA:52,3,1,1
BRDA:60,4,0,0
BRDA:60,4,1,5
BRDA:60,5,0,5
BRDA:60,5,1,5
BRDA:65,6,0,1
BRDA:65,6,1,4
BRDA:65,7,0,5
BRDA:65,7,1,4
BRDA:68,8,0,1
BRDA:68,8,1,3
BRDA:71,9,0,1
BRDA:71,9,1,2
BRDA:79,10,0,1
BRDA:79,10,1,1
BRDA:90,11,0,1
BRDA:90,11,1,0
BRDA:123,12,0,10
BRDA:123,12,1,0
BRDA:132,13,0,1
BRDA:132,13,1,4
BRDA:141,14,0,2
BRDA:141,14,1,2
BRDA:141,15,0,4
BRDA:141,15,1,4
BRDA:148,16,0,0
BRDA:148,16,1,2
BRDA:151,17,0,2
BRDA:151,17,1,0
BRDA:154,18,0,0
BRDA:154,18,1,2
BRDA:169,19,0,1
BRDA:169,19,1,2
BRDA:182,20,0,1
BRDA:182,20,1,2
BRDA:192,21,0,0
BRDA:192,21,1,96
BRF:44
BRH:35
end_of_record
TN:
SF:controllers/addLocation.js
FN:5,(anonymous_0)
FNF:1
FNH:1
FNDA:3,(anonymous_0)
DA:1,1
DA:2,1
DA:3,1
DA:5,1
DA:6,3
DA:7,3
DA:8,0
DA:10,3
DA:11,3
DA:12,3
DA:13,3
DA:14,1
DA:18,2
DA:22,2
DA:23,2
DA:25,0
DA:26,0
DA:30,1
LF:18
LH:15
BRDA:7,0,0,0
BRDA:7,0,1,3
BRDA:13,1,0,1
BRDA:13,1,1,2
BRF:4
BRH:3
end_of_record
TN:
SF:controllers/admins.js
FN:6,(anonymous_0)
FN:24,(anonymous_1)
FNF:2
FNH:2
FNDA:4,(anonymous_0)
FNDA:5,(anonymous_1)
DA:1,1
DA:2,1
DA:6,1
DA:7,4
DA:8,4
DA:12,3
DA:13,1
DA:15,2
DA:17,1
DA:24,1
DA:25,5
DA:26,5
DA:27,1
DA:29,4
DA:33,4
DA:34,4
DA:36,4
DA:37,4
DA:38,3
DA:40,1
DA:45,1
DA:50,2
DA:51,2
DA:52,2
DA:54,1
DA:59,1
LF:26
LH:26
BRDA:12,0,0,1
BRDA:12,0,1,2
BRDA:26,1,0,1
BRDA:26,1,1,4
BRDA:38,2,0,1
BRDA:38,2,1,2
BRF:6
BRH:6
end_of_record
TN:
SF:controllers/demo.js
FN:3,(anonymous_0)
FNF:1
FNH:1
FNDA:1,(anonymous_0)
DA:3,1
DA:5,1
DA:7,1
DA:8,1
DA:11,0
DA:16,1
LF:6
LH:5
BRDA:7,0,0,1
BRDA:7,0,1,0
BRF:2
BRH:1
end_of_record
TN:
SF:controllers/login.js
FN:8,(anonymous_0)
FN:16,(anonymous_1)
FN:29,(anonymous_2)
FNF:3
FNH:3
FNDA:2,(anonymous_0)
FNDA:3,(anonymous_1)
FNDA:3,(anonymous_2)
DA:1,1
DA:2,1
DA:3,1
DA:4,1
DA:6,1
DA:8,1
DA:13,2
DA:16,1
DA:17,3
DA:18,3
DA:19,0
DA:23,0
DA:25,3
DA:29,1
DA:30,3
DA:31,3
DA:32,0
DA:34,3
DA:35,3
DA:36,3
DA:37,3
DA:38,1
DA:40,2
DA:41,2
DA:42,0
DA:44,2
DA:50,2
DA:52,2
DA:54,0
DA:55,0
DA:59,1
LF:31
LH:25
BRDA:10,0,0,2
BRDA:11,1,0,2
BRDA:18,2,0,0
BRDA:18,2,1,3
BRDA:31,3,0,0
BRDA:31,3,1,3
BRDA:37,4,0,1
BRDA:37,4,1,2
BRDA:41,5,0,0
BRDA:41,5,1,2
BRF:10
BRH:7
end_of_record
TN:
SF:controllers/signup.js
FN:9,(anonymous_0)
FN:24,(anonymous_1)
FN:28,(anonymous_2)
FNF:3
FNH:3
FNDA:4,(anonymous_0)
FNDA:2,(anonymous_1)
FNDA:4,(anonymous_2)
DA:1,1
DA:2,1
DA:3,1
DA:4,1
DA:6,1
DA:9,1
DA:10,4
DA:11,4
DA:12,1
DA:16,1
DA:19,3
DA:24,1
DA:25,2
DA:28,1
DA:29,4
DA:30,4
DA:31,1
DA:34,3
DA:35,3
DA:36,3
DA:37,1
DA:40,2
DA:49,2
DA:51,2
DA:53,2
DA:55,2
DA:62,2
DA:65,2
DA:67,1
LF:29
LH:29
BRDA:11,0,0,1
BRDA:11,0,1,3
BRDA:24,1,0,2
BRDA:24,2,0,2
BRDA:30,3,0,1
BRDA:30,3,1,3
BRDA:36,4,0,1
BRDA:36,4,1,2
BRF:8
BRH:8
end_of_record
TN:
SF:controllers/staffs.js
FN:5,(anonymous_0)
FNF:1
FNH:1
FNDA:6,(anonymous_0)
DA:1,1
DA:2,1
DA:3,1
DA:5,1
DA:6,6
DA:7,6
DA:8,1
DA:11,5
DA:12,5
DA:13,5
DA:14,5
DA:15,5
DA:16,4
DA:17,3
DA:18,3
DA:19,1
DA:21,2
DA:25,2
DA:26,2
DA:28,1
DA:31,1
DA:35,1
LF:22
LH:22
BRDA:7,0,0,1
BRDA:7,0,1,5
BRDA:16,1,0,3
BRDA:16,1,1,1
BRDA:18,2,0,1
BRDA:18,2,1,2
BRF:6
BRH:6
end_of_record
TN:
SF:controllers/tickets.js
FN:6,(anonymous_0)
FN:36,(anonymous_1)
FN:56,(anonymous_2)
FNF:3
FNH:3
FNDA:6,(anonymous_0)
FNDA:4,(anonymous_1)
FNDA:3,(anonymous_2)
DA:1,1
DA:2,1
DA:3,1
DA:4,1
DA:6,1
DA:7,6
DA:8,6
DA:9,1
DA:12,5
DA:14,5
DA:22,5
DA:23,5
DA:25,4
DA:26,1
DA:28,3
DA:30,3
DA:31,3
DA:32,1
DA:36,2
DA:37,4
DA:39,2
DA:40,1
DA:43,1
DA:44,1
DA:45,1
DA:46,1
DA:48,1
DA:50,1
DA:52,1
DA:56,1
DA:57,3
DA:58,3
DA:59,6
DA:60,9
DA:61,5
DA:62,5
DA:64,4
DA:68,3
DA:71,1
LF:39
LH:39
BRDA:8,0,0,1
BRDA:8,0,1,5
BRDA:25,1,0,1
BRDA:25,1,1,3
BRDA:31,2,0,1
BRDA:31,2,1,2
BRDA:39,3,0,1
BRDA:39,3,1,1
BRDA:60,4,0,5
BRDA:60,4,1,4
BRF:10
BRH:10
end_of_record
TN:
SF:middlewares/auth.js
FN:5,(anonymous_0)
FNF:1
FNH:1
FNDA:12,(anonymous_0)
DA:1,2
DA:2,2
DA:5,2
DA:7,12
DA:8,12
DA:9,1
DA:12,11
DA:13,11
DA:14,10
DA:15,10
DA:17,1
LF:11
LH:11
BRDA:8,0,0,1
BRDA:8,0,1,11
BRF:2
BRH:2
end_of_record
TN:
SF:middlewares/isAdmin.js
FN:2,(anonymous_0)
FNF:1
FNH:1
FNDA:7,(anonymous_0)
DA:2,2
DA:4,7
DA:5,7
DA:6,1
DA:7,1
DA:9,6
LF:6
LH:6
BRDA:5,0,0,1
BRDA:5,0,1,6
BRF:2
BRH:2
end_of_record
TN:
SF:models/Agency.js
FNF:0
FNH:0
DA:1,1
DA:3,1
DA:25,1
DA:26,1
LF:4
LH:4
BRF:0
BRH:0
end_of_record
TN:
SF:models/Buses.js
FNF:0
FNH:0
DA:1,1
DA:3,1
DA:76,1
DA:77,1
LF:4
LH:4
BRF:0
BRH:0
end_of_record
TN:
SF:models/Locations.js
FNF:0
FNH:0
DA:1,1
DA:3,1
DA:19,1
DA:20,1
LF:4
LH:4
BRF:0
BRH:0
end_of_record
TN:
SF:models/Staffs.js
FNF:0
FNH:0
DA:1,1
DA:3,1
DA:30,1
DA:31,1
LF:4
LH:4
BRF:0
BRH:0
end_of_record
TN:
SF:models/Tickets.js
FNF:0
FNH:0
DA:1,1
DA:2,1
DA:45,1
DA:46,1
LF:4
LH:4
BRF:0
BRH:0
end_of_record
TN:
SF:models/Users.js
FNF:0
FNH:0
DA:1,1
DA:2,1
DA:27,1
DA:29,1
LF:4
LH:4
BRF:0
BRH:0
end_of_record
TN:
SF:routes/admins.js
FNF:0
FNH:0
DA:1,1
DA:2,1
DA:3,1
DA:4,1
DA:5,1
DA:6,1
DA:7,1
DA:8,1
DA:9,1
DA:10,1
DA:15,1
DA:21,1
DA:36,1
DA:49,1
DA:89,1
DA:104,1
LF:16
LH:16
BRF:0
BRH:0
end_of_record
TN:
SF:routes/busSearch.js
FNF:0
FNH:0
DA:1,1
DA:2,1
DA:3,1
DA:4,1
DA:5,1
DA:6,1
DA:12,1
DA:25,1
DA:32,1
DA:38,1
DA:54,1
LF:11
LH:11
BRF:0
BRH:0
end_of_record
TN:
SF:routes/users.js
FNF:0
FNH:0
DA:2,1
DA:3,1
DA:4,1
DA:5,1
DA:6,1
DA:7,1
DA:12,1
DA:21,1
DA:33,1
LF:9
LH:9
BRF:0
BRH:0
end_of_record
TN:
SF:tests/addStaff.js
FN:6,(anonymous_0)
FN:13,(anonymous_1)
FN:13,(anonymous_2)
FN:15,(anonymous_3)
FN:29,(anonymous_4)
FN:46,(anonymous_5)
FN:63,(anonymous_6)
FN:78,(anonymous_7)
FN:88,(anonymous_8)
FNF:9
FNH:9
FNDA:5,(anonymous_0)
FNDA:1,(anonymous_1)
FNDA:1,(anonymous_2)
FNDA:1,(anonymous_3)
FNDA:1,(anonymous_4)
FNDA:1,(anonymous_5)
FNDA:1,(anonymous_6)
FNDA:1,(anonymous_7)
FNDA:1,(anonymous_8)
DA:1,1
DA:2,1
DA:3,1
DA:6,1
DA:7,5
DA:8,5
DA:9,5
DA:10,5
DA:13,1
DA:15,1
DA:16,1
DA:25,1
DA:29,1
DA:30,1
DA:39,1
DA:40,1
DA:42,1
DA:43,1
DA:46,1
DA:47,1
DA:56,1
DA:57,1
DA:59,1
DA:60,1
DA:63,1
DA:64,1
DA:70,1
DA:71,1
DA:73,1
DA:74,1
DA:78,1
DA:79,1
DA:80,1
DA:82,1
DA:84,1
DA:85,1
DA:88,1
DA:89,1
DA:90,1
DA:94,1
DA:96,1
DA:97,1
DA:101,1
LF:43
LH:43
BRF:0
BRH:0
end_of_record
TN:
SF:tests/addlocation.js
FN:6,(anonymous_0)
FN:14,(anonymous_1)
FN:14,(anonymous_2)
FN:16,(anonymous_3)
FN:27,(anonymous_4)
FN:42,(anonymous_5)
FNF:6
FNH:6
FNDA:2,(anonymous_0)
FNDA:1,(anonymous_1)
FNDA:1,(anonymous_2)
FNDA:1,(anonymous_3)
FNDA:1,(anonymous_4)
FNDA:1,(anonymous_5)
DA:1,1
DA:2,1
DA:3,1
DA:6,1
DA:7,2
DA:8,2
DA:9,2
DA:10,2
DA:14,1
DA:15,1
DA:16,1
DA:17,1
DA:24,1
DA:27,1
DA:28,1
DA:34,1
DA:35,1
DA:37,1
DA:38,1
DA:42,1
DA:43,1
DA:49,1
DA:50,1
DA:52,1
DA:53,1
DA:57,1
LF:26
LH:26
BRF:0
BRH:0
end_of_record
TN:
SF:tests/adminTests.js
FN:6,(anonymous_0)
FN:6,(anonymous_1)
FN:9,(anonymous_2)
FN:16,(anonymous_3)
FN:17,(anonymous_4)
FN:29,(anonymous_5)
FN:43,(anonymous_6)
FN:59,(anonymous_7)
FN:74,(anonymous_8)
FN:86,(anonymous_9)
FN:87,(anonymous_10)
FN:94,(anonymous_11)
FN:105,(anonymous_12)
FN:116,(anonymous_13)
FNF:14
FNH:14
FNDA:1,(anonymous_0)
FNDA:1,(anonymous_1)
FNDA:7,(anonymous_2)
FNDA:1,(anonymous_3)
FNDA:1,(anonymous_4)
FNDA:1,(anonymous_5)
FNDA:1,(anonymous_6)
FNDA:1,(anonymous_7)
FNDA:1,(anonymous_8)
FNDA:1,(anonymous_9)
FNDA:1,(anonymous_10)
FNDA:1,(anonymous_11)
FNDA:1,(anonymous_12)
FNDA:1,(anonymous_13)
DA:1,1
DA:2,1
DA:4,1
DA:6,1
DA:7,1
DA:9,1
DA:10,7
DA:11,7
DA:12,7
DA:13,7
DA:16,1
DA:17,1
DA:18,1
DA:26,1
DA:29,1
DA:30,1
DA:31,1
DA:38,1
DA:40,1
DA:43,1
DA:44,1
DA:45,1
DA:52,1
DA:54,1
DA:55,1
DA:59,1
DA:60,1
DA:61,1
DA:68,1
DA:70,1
DA:71,1
DA:74,1
DA:75,1
DA:76,1
DA:78,1
DA:80,1
DA:81,1
DA:86,1
DA:87,1
DA:88,1
DA:91,1
DA:94,1
DA:95,1
DA:96,1
DA:99,1
DA:101,1
DA:102,1
DA:105,1
DA:106,1
DA:107,1
DA:110,1
DA:112,1
DA:113,1
DA:116,1
DA:117,1
DA:118,1
DA:121,1
DA:123,1
DA:124,1
DA:132,1
LF:60
LH:60
BRF:0
BRH:0
end_of_record
TN:
SF:tests/busses.js
FN:8,(anonymous_0)
FN:41,(anonymous_1)
FN:42,(anonymous_2)
FN:43,(anonymous_3)
FN:71,(anonymous_4)
FN:84,(anonymous_5)
FN:94,(anonymous_6)
FN:106,(anonymous_7)
FN:118,(anonymous_8)
FN:130,(anonymous_9)
FN:143,(anonymous_10)
FN:156,(anonymous_11)
FN:168,(anonymous_12)
FN:183,(anonymous_13)
FN:196,(anonymous_14)
FN:204,(anonymous_15)
FN:216,(anonymous_16)
FN:225,(anonymous_17)
FN:237,(anonymous_18)
FN:238,(anonymous_19)
FN:248,(anonymous_20)
FN:256,(anonymous_21)
FN:265,(anonymous_22)
FNF:23
FNH:23
FNDA:14,(anonymous_0)
FNDA:1,(anonymous_1)
FNDA:1,(anonymous_2)
FNDA:1,(anonymous_3)
FNDA:1,(anonymous_4)
FNDA:1,(anonymous_5)
FNDA:1,(anonymous_6)
FNDA:1,(anonymous_7)
FNDA:1,(anonymous_8)
FNDA:1,(anonymous_9)
FNDA:1,(anonymous_10)
FNDA:1,(anonymous_11)
FNDA:1,(anonymous_12)
FNDA:1,(anonymous_13)
FNDA:1,(anonymous_14)
FNDA:1,(anonymous_15)
FNDA:1,(anonymous_16)
FNDA:1,(anonymous_17)
FNDA:1,(anonymous_18)
FNDA:1,(anonymous_19)
FNDA:1,(anonymous_20)
FNDA:1,(anonymous_21)
FNDA:1,(anonymous_22)
DA:1,1
DA:2,1
DA:3,1
DA:4,1
DA:5,1
DA:6,1
DA:8,1
DA:9,14
DA:10,14
DA:11,14
DA:12,14
DA:15,1
DA:41,1
DA:42,1
DA:43,1
DA:44,1
DA:71,1
DA:72,1
DA:81,1
DA:84,1
DA:85,1
DA:87,1
DA:89,1
DA:90,1
DA:91,1
DA:94,1
DA:95,1
DA:96,1
DA:100,1
DA:102,1
DA:103,1
DA:106,1
DA:107,1
DA:111,1
DA:112,1
DA:114,1
DA:115,1
DA:118,1
DA:119,1
DA:122,1
DA:123,1
DA:124,1
DA:126,1
DA:127,1
DA:130,1
DA:131,1
DA:135,1
DA:136,1
DA:137,1
DA:139,1
DA:140,1
DA:143,1
DA:144,1
DA:148,1
DA:149,1
DA:150,1
DA:151,1
DA:153,1
DA:154,1
DA:156,1
DA:157,1
DA:159,1
DA:160,1
DA:162,1
DA:163,1
DA:164,1
DA:168,1
DA:169,1
DA:183,1
DA:184,1
DA:193,1
DA:196,1
DA:197,1
DA:198,1
DA:199,1
DA:200,1
DA:201,1
DA:204,1
DA:205,1
DA:206,1
DA:207,1
DA:211,1
DA:212,1
DA:213,1
DA:216,1
DA:217,1
DA:218,1
DA:219,1
DA:220,1
DA:221,1
DA:222,1
DA:225,1
DA:226,1
DA:227,1
DA:230,1
DA:232,1
DA:233,1
DA:237,1
DA:238,1
DA:239,1
DA:245,1
DA:248,1
DA:249,1
DA:250,1
DA:251,1
DA:252,1
DA:253,1
DA:256,1
DA:257,1
DA:258,1
DA:259,1
DA:260,1
DA:261,1
DA:265,1
DA:266,1
DA:267,1
DA:268,1
DA:269,1
DA:270,1
DA:275,1
LF:120
LH:120
BRF:0
BRH:0
end_of_record
TN:
SF:tests/getBusStatus.js
FN:6,(anonymous_0)
FN:14,(anonymous_1)
FN:14,(anonymous_2)
FN:16,(anonymous_3)
FN:26,(anonymous_4)
FN:34,(anonymous_5)
FN:43,(anonymous_6)
FNF:7
FNH:7
FNDA:3,(anonymous_0)
FNDA:1,(anonymous_1)
FNDA:1,(anonymous_2)
FNDA:1,(anonymous_3)
FNDA:1,(anonymous_4)
FNDA:1,(anonymous_5)
FNDA:1,(anonymous_6)
DA:1,1
DA:2,1
DA:3,1
DA:4,1
DA:6,1
DA:7,3
DA:8,3
DA:9,3
DA:10,3
DA:14,1
DA:16,1
DA:17,1
DA:23,1
DA:26,1
DA:27,1
DA:28,1
DA:29,1
DA:30,1
DA:31,1
DA:34,1
DA:35,1
DA:36,1
DA:37,1
DA:38,1
DA:39,1
DA:43,1
DA:44,1
DA:45,1
DA:46,1
DA:47,1
DA:48,1
DA:52,1
LF:32
LH:32
BRF:0
BRH:0
end_of_record
TN:
SF:tests/login.js
FN:6,(anonymous_0)
FN:15,(anonymous_1)
FN:15,(anonymous_2)
FN:17,(anonymous_3)
FN:29,(anonymous_4)
FN:44,(anonymous_5)
FNF:6
FNH:6
FNDA:2,(anonymous_0)
FNDA:1,(anonymous_1)
FNDA:1,(anonymous_2)
FNDA:1,(anonymous_3)
FNDA:1,(anonymous_4)
FNDA:1,(anonymous_5)
DA:1,1
DA:2,1
DA:3,1
DA:6,1
DA:7,2
DA:8,2
DA:9,2
DA:10,2
DA:15,1
DA:16,1
DA:17,1
DA:18,1
DA:24,1
DA:29,1
DA:30,1
DA:36,1
DA:38,1
DA:39,1
DA:40,1
DA:44,1
DA:45,1
DA:51,1
DA:53,1
DA:54,1
DA:55,1
DA:59,1
LF:26
LH:26
BRF:0
BRH:0
end_of_record
TN:
SF:tests/ticketstest.js
FN:5,(anonymous_0)
FN:12,(anonymous_1)
FN:13,(anonymous_2)
FN:39,(anonymous_3)
FN:40,(anonymous_4)
FN:53,(anonymous_5)
FN:65,(anonymous_6)
FN:79,(anonymous_7)
FN:94,(anonymous_8)
FN:105,(anonymous_9)
FNF:10
FNH:10
FNDA:5,(anonymous_0)
FNDA:1,(anonymous_1)
FNDA:1,(anonymous_2)
FNDA:1,(anonymous_3)
FNDA:1,(anonymous_4)
FNDA:1,(anonymous_5)
FNDA:1,(anonymous_6)
FNDA:1,(anonymous_7)
FNDA:1,(anonymous_8)
FNDA:1,(anonymous_9)
DA:1,1
DA:2,1
DA:3,1
DA:5,1
DA:6,5
DA:7,5
DA:8,5
DA:9,5
DA:12,1
DA:13,1
DA:15,1
DA:39,1
DA:40,1
DA:41,1
DA:50,1
DA:53,1
DA:54,1
DA:56,1
DA:60,1
DA:61,1
DA:62,1
DA:65,1
DA:66,1
DA:68,1
DA:72,1
DA:74,1
DA:75,1
DA:76,1
DA:79,1
DA:80,1
DA:82,1
DA:86,1
DA:87,1
DA:89,1
DA:90,1
DA:91,1
DA:94,1
DA:95,1
DA:96,1
DA:99,1
DA:101,1
DA:102,1
DA:105,1
DA:106,1
DA:108,1
DA:111,1
DA:112,1
DA:113,1
DA:114,1
DA:119,1
LF:50
LH:50
BRF:0
BRH:0
end_of_record
TN:
SF:utils/allBookedTickets.js
FN:4,(anonymous_0)
FN:7,(anonymous_1)
FNF:2
FNH:2
FNDA:5,(anonymous_0)
FNDA:2,(anonymous_1)
DA:1,1
DA:4,1
DA:5,5
DA:7,5
DA:9,5
DA:11,5
DA:14,1
LF:7
LH:7
BRF:0
BRH:0
end_of_record
TN:
SF:utils/searchLocation.js
FN:3,(anonymous_0)
FNF:1
FNH:1
FNDA:21,(anonymous_0)
DA:1,1
DA:3,1
DA:4,21
DA:5,21
DA:6,21
DA:7,17
DA:10,1
LF:7
LH:7
BRDA:6,0,0,17
BRDA:6,0,1,4
BRF:2
BRH:2
end_of_record
